<?xml version="1.0" encoding="UTF-8"?>
<testsuite name="com.bestbuy.productinfo.CreateProductDataDrivenTest" time="560.02" tests="100" errors="0" skipped="0" failures="64">
  <properties>
[...]
</properties>
  <testcase name="createMultipleProducts[44]" classname="com.bestbuy.productinfo.CreateProductDataDrivenTest" time="16.64">
    <failure message="1 expectation failed.&#10;Expected status code &lt;201&gt; but was &lt;400&gt;.&#10;" type="java.lang.AssertionError"><![CDATA[java.lang.AssertionError: 1 expectation failed.
Expected status code <201> but was <400>.

	at sun.reflect.NativeConstructorAccessorImpl.newInstance0(Native Method)
	at sun.reflect.NativeConstructorAccessorImpl.newInstance(NativeConstructorAccessorImpl.java:62)
	at sun.reflect.DelegatingConstructorAccessorImpl.newInstance(DelegatingConstructorAccessorImpl.java:45)
	at java.lang.reflect.Constructor.newInstance(Constructor.java:423)
	at org.codehaus.groovy.reflection.CachedConstructor.invoke(CachedConstructor.java:83)
	at org.codehaus.groovy.reflection.CachedConstructor.doConstructorInvoke(CachedConstructor.java:77)
	at org.codehaus.groovy.runtime.callsite.ConstructorSite$ConstructorSiteNoUnwrap.callConstructor(ConstructorSite.java:84)
	at org.codehaus.groovy.runtime.callsite.CallSiteArray.defaultCallConstructor(CallSiteArray.java:60)
	at org.codehaus.groovy.runtime.callsite.AbstractCallSite.callConstructor(AbstractCallSite.java:235)
	at org.codehaus.groovy.runtime.callsite.AbstractCallSite.callConstructor(AbstractCallSite.java:247)
	at io.restassured.internal.ResponseSpecificationImpl$HamcrestAssertionClosure.validate(ResponseSpecificationImpl.groovy:471)
	at io.restassured.internal.ResponseSpecificationImpl$HamcrestAssertionClosure$validate$3.call(Unknown Source)
	at org.codehaus.groovy.runtime.callsite.CallSiteArray.defaultCall(CallSiteArray.java:48)
	at org.codehaus.groovy.runtime.callsite.AbstractCallSite.call(AbstractCallSite.java:113)
	at org.codehaus.groovy.runtime.callsite.AbstractCallSite.call(AbstractCallSite.java:125)
	at io.restassured.internal.ResponseSpecificationImpl.validateResponseIfRequired(ResponseSpecificationImpl.groovy:636)
	at sun.reflect.NativeMethodAccessorImpl.invoke0(Native Method)
	at sun.reflect.NativeMethodAccessorImpl.invoke(NativeMethodAccessorImpl.java:62)
	at sun.reflect.DelegatingMethodAccessorImpl.invoke(DelegatingMethodAccessorImpl.java:43)
	at java.lang.reflect.Method.invoke(Method.java:498)
	at org.codehaus.groovy.runtime.callsite.PogoMetaMethodSite$PogoCachedMethodSiteNoUnwrapNoCoerce.invoke(PogoMetaMethodSite.java:210)
	at org.codehaus.groovy.runtime.callsite.PogoMetaMethodSite.callCurrent(PogoMetaMethodSite.java:59)
	at org.codehaus.groovy.runtime.callsite.CallSiteArray.defaultCallCurrent(CallSiteArray.java:52)
	at org.codehaus.groovy.runtime.callsite.AbstractCallSite.callCurrent(AbstractCallSite.java:154)
	at org.codehaus.groovy.runtime.callsite.AbstractCallSite.callCurrent(AbstractCallSite.java:166)
	at io.restassured.internal.ResponseSpecificationImpl.statusCode(ResponseSpecificationImpl.groovy:122)
	at io.restassured.specification.ResponseSpecification$statusCode$5.callCurrent(Unknown Source)
	at org.codehaus.groovy.runtime.callsite.CallSiteArray.defaultCallCurrent(CallSiteArray.java:52)
	at org.codehaus.groovy.runtime.callsite.AbstractCallSite.callCurrent(AbstractCallSite.java:154)
	at org.codehaus.groovy.runtime.callsite.AbstractCallSite.callCurrent(AbstractCallSite.java:166)
	at io.restassured.internal.ResponseSpecificationImpl.statusCode(ResponseSpecificationImpl.groovy:130)
	at io.restassured.internal.ValidatableResponseOptionsImpl.statusCode(ValidatableResponseOptionsImpl.java:117)
	at com.bestbuy.productinfo.CreateProductDataDrivenTest.createMultipleProducts(CreateProductDataDrivenTest.java:31)
]]></failure>
    <system-err><![CDATA[3524 [CreateProductDataDrivenTest-3-thread-8] INFO net.serenitybdd.core.Serenity - 

-------------------------------------------------------------------------------------
     _______. _______ .______       _______ .__   __.  __  .___________.____    ____ 
    /       ||   ____||   _  \     |   ____||  \ |  | |  | |           |\   \  /   / 
   |   (----`|  |__   |  |_)  |    |  |__   |   \|  | |  | `---|  |----` \   \/   /  
    \   \    |   __|  |      /     |   __|  |  . `  | |  |     |  |       \_    _/   
.----)   |   |  |____ |  |\  \----.|  |____ |  |\   | |  |     |  |         |  |     
|_______/    |_______|| _| `._____||_______||__| \__| |__|     |__|         |__|    
-------------------------------------------------------------------------------------

3780 [CreateProductDataDrivenTest-3-thread-53] INFO net.serenitybdd.core.Serenity - Test Suite Started: Create product data driven test
3850 [CreateProductDataDrivenTest-3-thread-53] INFO net.serenitybdd.core.Serenity - 
 _____ _____ ____ _____   ____ _____  _    ____ _____ _____ ____  
|_   _| ____/ ___|_   _| / ___|_   _|/ \  |  _ \_   _| ____|  _ \ 
  | | |  _| \___ \ | |   \___ \ | | / _ \ | |_) || | |  _| | | | |
  | | | |___ ___) || |    ___) || |/ ___ \|  _ < | | | |___| |_| |
  |_| |_____|____/ |_|   |____/ |_/_/   \_\_| \_\|_| |_____|____/ 
                                                                  

TEST STARTED: createMultipleProducts[52]
-------------------------------------------------------------------
3850 [CreateProductDataDrivenTest-3-thread-53] INFO net.serenitybdd.core.Serenity - TEST NUMBER: 1
3853 [CreateProductDataDrivenTest-3-thread-42] INFO net.serenitybdd.core.Serenity - Test Suite Started: Create product data driven test
3853 [CreateProductDataDrivenTest-3-thread-42] INFO net.serenitybdd.core.Serenity - 
 _____ _____ ____ _____   ____ _____  _    ____ _____ _____ ____  
|_   _| ____/ ___|_   _| / ___|_   _|/ \  |  _ \_   _| ____|  _ \ 
  | | |  _| \___ \ | |   \___ \ | | / _ \ | |_) || | |  _| | | | |
  | | | |___ ___) || |    ___) || |/ ___ \|  _ < | | | |___| |_| |
  |_| |_____|____/ |_|   |____/ |_/_/   \_\_| \_\|_| |_____|____/ 
                                                                  

TEST STARTED: createMultipleProducts[41]
-------------------------------------------------------------------
3853 [CreateProductDataDrivenTest-3-thread-42] INFO net.serenitybdd.core.Serenity - TEST NUMBER: 2
3856 [CreateProductDataDrivenTest-3-thread-6] INFO net.serenitybdd.core.Serenity - Test Suite Started: Create product data driven test
3857 [CreateProductDataDrivenTest-3-thread-6] INFO net.serenitybdd.core.Serenity - 
 _____ _____ ____ _____   ____ _____  _    ____ _____ _____ ____  
|_   _| ____/ ___|_   _| / ___|_   _|/ \  |  _ \_   _| ____|  _ \ 
  | | |  _| \___ \ | |   \___ \ | | / _ \ | |_) || | |  _| | | | |
  | | | |___ ___) || |    ___) || |/ ___ \|  _ < | | | |___| |_| |
  |_| |_____|____/ |_|   |____/ |_/_/   \_\_| \_\|_| |_____|____/ 
                                                                  

TEST STARTED: createMultipleProducts[5]
-------------------------------------------------------------------
3857 [CreateProductDataDrivenTest-3-thread-6] INFO net.serenitybdd.core.Serenity - TEST NUMBER: 3
3860 [CreateProductDataDrivenTest-3-thread-3] INFO net.serenitybdd.core.Serenity - Test Suite Started: Create product data driven test
3861 [CreateProductDataDrivenTest-3-thread-3] INFO net.serenitybdd.core.Serenity - 
 _____ _____ ____ _____   ____ _____  _    ____ _____ _____ ____  
|_   _| ____/ ___|_   _| / ___|_   _|/ \  |  _ \_   _| ____|  _ \ 
  | | |  _| \___ \ | |   \___ \ | | / _ \ | |_) || | |  _| | | | |
  | | | |___ ___) || |    ___) || |/ ___ \|  _ < | | | |___| |_| |
  |_| |_____|____/ |_|   |____/ |_/_/   \_\_| \_\|_| |_____|____/ 
                                                                  

TEST STARTED: createMultipleProducts[2]
-------------------------------------------------------------------
3861 [CreateProductDataDrivenTest-3-thread-3] INFO net.serenitybdd.core.Serenity - TEST NUMBER: 4
3863 [CreateProductDataDrivenTest-3-thread-26] INFO net.serenitybdd.core.Serenity - Test Suite Started: Create product data driven test
3864 [CreateProductDataDrivenTest-3-thread-26] INFO net.serenitybdd.core.Serenity - 
 _____ _____ ____ _____   ____ _____  _    ____ _____ _____ ____  
|_   _| ____/ ___|_   _| / ___|_   _|/ \  |  _ \_   _| ____|  _ \ 
  | | |  _| \___ \ | |   \___ \ | | / _ \ | |_) || | |  _| | | | |
  | | | |___ ___) || |    ___) || |/ ___ \|  _ < | | | |___| |_| |
  |_| |_____|____/ |_|   |____/ |_/_/   \_\_| \_\|_| |_____|____/ 
                                                                  

TEST STARTED: createMultipleProducts[25]
-------------------------------------------------------------------
3864 [CreateProductDataDrivenTest-3-thread-26] INFO net.serenitybdd.core.Serenity - TEST NUMBER: 5
3866 [CreateProductDataDrivenTest-3-thread-14] INFO net.serenitybdd.core.Serenity - Test Suite Started: Create product data driven test
3866 [CreateProductDataDrivenTest-3-thread-14] INFO net.serenitybdd.core.Serenity - 
 _____ _____ ____ _____   ____ _____  _    ____ _____ _____ ____  
|_   _| ____/ ___|_   _| / ___|_   _|/ \  |  _ \_   _| ____|  _ \ 
  | | |  _| \___ \ | |   \___ \ | | / _ \ | |_) || | |  _| | | | |
  | | | |___ ___) || |    ___) || |/ ___ \|  _ < | | | |___| |_| |
  |_| |_____|____/ |_|   |____/ |_/_/   \_\_| \_\|_| |_____|____/ 
                                                                  

TEST STARTED: createMultipleProducts[13]
-------------------------------------------------------------------
3866 [CreateProductDataDrivenTest-3-thread-14] INFO net.serenitybdd.core.Serenity - TEST NUMBER: 6
3869 [CreateProductDataDrivenTest-3-thread-55] INFO net.serenitybdd.core.Serenity - Test Suite Started: Create product data driven test
3869 [CreateProductDataDrivenTest-3-thread-55] INFO net.serenitybdd.core.Serenity - 
 _____ _____ ____ _____   ____ _____  _    ____ _____ _____ ____  
|_   _| ____/ ___|_   _| / ___|_   _|/ \  |  _ \_   _| ____|  _ \ 
  | | |  _| \___ \ | |   \___ \ | | / _ \ | |_) || | |  _| | | | |
  | | | |___ ___) || |    ___) || |/ ___ \|  _ < | | | |___| |_| |
  |_| |_____|____/ |_|   |____/ |_/_/   \_\_| \_\|_| |_____|____/ 
                                                                  

TEST STARTED: createMultipleProducts[54]
-------------------------------------------------------------------
3870 [CreateProductDataDrivenTest-3-thread-55] INFO net.serenitybdd.core.Serenity - TEST NUMBER: 7
3873 [CreateProductDataDrivenTest-3-thread-34] INFO net.serenitybdd.core.Serenity - Test Suite Started: Create product data driven test
3874 [CreateProductDataDrivenTest-3-thread-34] INFO net.serenitybdd.core.Serenity - 
 _____ _____ ____ _____   ____ _____  _    ____ _____ _____ ____  
|_   _| ____/ ___|_   _| / ___|_   _|/ \  |  _ \_   _| ____|  _ \ 
  | | |  _| \___ \ | |   \___ \ | | / _ \ | |_) || | |  _| | | | |
  | | | |___ ___) || |    ___) || |/ ___ \|  _ < | | | |___| |_| |
  |_| |_____|____/ |_|   |____/ |_/_/   \_\_| \_\|_| |_____|____/ 
                                                                  

TEST STARTED: createMultipleProducts[33]
-------------------------------------------------------------------
3874 [CreateProductDataDrivenTest-3-thread-34] INFO net.serenitybdd.core.Serenity - TEST NUMBER: 8
3876 [CreateProductDataDrivenTest-3-thread-46] INFO net.serenitybdd.core.Serenity - Test Suite Started: Create product data driven test
3876 [CreateProductDataDrivenTest-3-thread-46] INFO net.serenitybdd.core.Serenity - 
 _____ _____ ____ _____   ____ _____  _    ____ _____ _____ ____  
|_   _| ____/ ___|_   _| / ___|_   _|/ \  |  _ \_   _| ____|  _ \ 
  | | |  _| \___ \ | |   \___ \ | | / _ \ | |_) || | |  _| | | | |
  | | | |___ ___) || |    ___) || |/ ___ \|  _ < | | | |___| |_| |
  |_| |_____|____/ |_|   |____/ |_/_/   \_\_| \_\|_| |_____|____/ 
                                                                  

TEST STARTED: createMultipleProducts[45]
-------------------------------------------------------------------
3877 [CreateProductDataDrivenTest-3-thread-46] INFO net.serenitybdd.core.Serenity - TEST NUMBER: 9
3878 [CreateProductDataDrivenTest-3-thread-12] INFO net.serenitybdd.core.Serenity - Test Suite Started: Create product data driven test
3879 [CreateProductDataDrivenTest-3-thread-12] INFO net.serenitybdd.core.Serenity - 
 _____ _____ ____ _____   ____ _____  _    ____ _____ _____ ____  
|_   _| ____/ ___|_   _| / ___|_   _|/ \  |  _ \_   _| ____|  _ \ 
  | | |  _| \___ \ | |   \___ \ | | / _ \ | |_) || | |  _| | | | |
  | | | |___ ___) || |    ___) || |/ ___ \|  _ < | | | |___| |_| |
  |_| |_____|____/ |_|   |____/ |_/_/   \_\_| \_\|_| |_____|____/ 
                                                                  

TEST STARTED: createMultipleProducts[11]
-------------------------------------------------------------------
3879 [CreateProductDataDrivenTest-3-thread-12] INFO net.serenitybdd.core.Serenity - TEST NUMBER: 10
3880 [CreateProductDataDrivenTest-3-thread-13] INFO net.serenitybdd.core.Serenity - Test Suite Started: Create product data driven test
3881 [CreateProductDataDrivenTest-3-thread-13] INFO net.serenitybdd.core.Serenity - 
 _____ _____ ____ _____   ____ _____  _    ____ _____ _____ ____  
|_   _| ____/ ___|_   _| / ___|_   _|/ \  |  _ \_   _| ____|  _ \ 
  | | |  _| \___ \ | |   \___ \ | | / _ \ | |_) || | |  _| | | | |
  | | | |___ ___) || |    ___) || |/ ___ \|  _ < | | | |___| |_| |
  |_| |_____|____/ |_|   |____/ |_/_/   \_\_| \_\|_| |_____|____/ 
                                                                  

TEST STARTED: createMultipleProducts[12]
-------------------------------------------------------------------
3881 [CreateProductDataDrivenTest-3-thread-13] INFO net.serenitybdd.core.Serenity - TEST NUMBER: 11
3883 [CreateProductDataDrivenTest-3-thread-44] INFO net.serenitybdd.core.Serenity - Test Suite Started: Create product data driven test
3884 [CreateProductDataDrivenTest-3-thread-44] INFO net.serenitybdd.core.Serenity - 
 _____ _____ ____ _____   ____ _____  _    ____ _____ _____ ____  
|_   _| ____/ ___|_   _| / ___|_   _|/ \  |  _ \_   _| ____|  _ \ 
  | | |  _| \___ \ | |   \___ \ | | / _ \ | |_) || | |  _| | | | |
  | | | |___ ___) || |    ___) || |/ ___ \|  _ < | | | |___| |_| |
  |_| |_____|____/ |_|   |____/ |_/_/   \_\_| \_\|_| |_____|____/ 
                                                                  

TEST STARTED: createMultipleProducts[43]
-------------------------------------------------------------------
3884 [CreateProductDataDrivenTest-3-thread-44] INFO net.serenitybdd.core.Serenity - TEST NUMBER: 12
3886 [CreateProductDataDrivenTest-3-thread-61] INFO net.serenitybdd.core.Serenity - Test Suite Started: Create product data driven test
3887 [CreateProductDataDrivenTest-3-thread-61] INFO net.serenitybdd.core.Serenity - 
 _____ _____ ____ _____   ____ _____  _    ____ _____ _____ ____  
|_   _| ____/ ___|_   _| / ___|_   _|/ \  |  _ \_   _| ____|  _ \ 
  | | |  _| \___ \ | |   \___ \ | | / _ \ | |_) || | |  _| | | | |
  | | | |___ ___) || |    ___) || |/ ___ \|  _ < | | | |___| |_| |
  |_| |_____|____/ |_|   |____/ |_/_/   \_\_| \_\|_| |_____|____/ 
                                                                  

TEST STARTED: createMultipleProducts[60]
-------------------------------------------------------------------
3887 [CreateProductDataDrivenTest-3-thread-61] INFO net.serenitybdd.core.Serenity - TEST NUMBER: 13
3889 [CreateProductDataDrivenTest-3-thread-48] INFO net.serenitybdd.core.Serenity - Test Suite Started: Create product data driven test
3890 [CreateProductDataDrivenTest-3-thread-48] INFO net.serenitybdd.core.Serenity - 
 _____ _____ ____ _____   ____ _____  _    ____ _____ _____ ____  
|_   _| ____/ ___|_   _| / ___|_   _|/ \  |  _ \_   _| ____|  _ \ 
  | | |  _| \___ \ | |   \___ \ | | / _ \ | |_) || | |  _| | | | |
  | | | |___ ___) || |    ___) || |/ ___ \|  _ < | | | |___| |_| |
  |_| |_____|____/ |_|   |____/ |_/_/   \_\_| \_\|_| |_____|____/ 
                                                                  

TEST STARTED: createMultipleProducts[47]
-------------------------------------------------------------------
3890 [CreateProductDataDrivenTest-3-thread-48] INFO net.serenitybdd.core.Serenity - TEST NUMBER: 14
3892 [CreateProductDataDrivenTest-3-thread-64] INFO net.serenitybdd.core.Serenity - Test Suite Started: Create product data driven test
3893 [CreateProductDataDrivenTest-3-thread-64] INFO net.serenitybdd.core.Serenity - 
 _____ _____ ____ _____   ____ _____  _    ____ _____ _____ ____  
|_   _| ____/ ___|_   _| / ___|_   _|/ \  |  _ \_   _| ____|  _ \ 
  | | |  _| \___ \ | |   \___ \ | | / _ \ | |_) || | |  _| | | | |
  | | | |___ ___) || |    ___) || |/ ___ \|  _ < | | | |___| |_| |
  |_| |_____|____/ |_|   |____/ |_/_/   \_\_| \_\|_| |_____|____/ 
                                                                  

TEST STARTED: createMultipleProducts[63]
-------------------------------------------------------------------
3898 [CreateProductDataDrivenTest-3-thread-64] INFO net.serenitybdd.core.Serenity - TEST NUMBER: 15
3900 [CreateProductDataDrivenTest-3-thread-27] INFO net.serenitybdd.core.Serenity - Test Suite Started: Create product data driven test
3901 [CreateProductDataDrivenTest-3-thread-27] INFO net.serenitybdd.core.Serenity - 
 _____ _____ ____ _____   ____ _____  _    ____ _____ _____ ____  
|_   _| ____/ ___|_   _| / ___|_   _|/ \  |  _ \_   _| ____|  _ \ 
  | | |  _| \___ \ | |   \___ \ | | / _ \ | |_) || | |  _| | | | |
  | | | |___ ___) || |    ___) || |/ ___ \|  _ < | | | |___| |_| |
  |_| |_____|____/ |_|   |____/ |_/_/   \_\_| \_\|_| |_____|____/ 
                                                                  

TEST STARTED: createMultipleProducts[26]
-------------------------------------------------------------------
3901 [CreateProductDataDrivenTest-3-thread-27] INFO net.serenitybdd.core.Serenity - TEST NUMBER: 16
3903 [CreateProductDataDrivenTest-3-thread-52] INFO net.serenitybdd.core.Serenity - Test Suite Started: Create product data driven test
3903 [CreateProductDataDrivenTest-3-thread-52] INFO net.serenitybdd.core.Serenity - 
 _____ _____ ____ _____   ____ _____  _    ____ _____ _____ ____  
|_   _| ____/ ___|_   _| / ___|_   _|/ \  |  _ \_   _| ____|  _ \ 
  | | |  _| \___ \ | |   \___ \ | | / _ \ | |_) || | |  _| | | | |
  | | | |___ ___) || |    ___) || |/ ___ \|  _ < | | | |___| |_| |
  |_| |_____|____/ |_|   |____/ |_/_/   \_\_| \_\|_| |_____|____/ 
                                                                  

TEST STARTED: createMultipleProducts[51]
-------------------------------------------------------------------
3904 [CreateProductDataDrivenTest-3-thread-52] INFO net.serenitybdd.core.Serenity - TEST NUMBER: 17
3906 [CreateProductDataDrivenTest-3-thread-35] INFO net.serenitybdd.core.Serenity - Test Suite Started: Create product data driven test
3907 [CreateProductDataDrivenTest-3-thread-35] INFO net.serenitybdd.core.Serenity - 
 _____ _____ ____ _____   ____ _____  _    ____ _____ _____ ____  
|_   _| ____/ ___|_   _| / ___|_   _|/ \  |  _ \_   _| ____|  _ \ 
  | | |  _| \___ \ | |   \___ \ | | / _ \ | |_) || | |  _| | | | |
  | | | |___ ___) || |    ___) || |/ ___ \|  _ < | | | |___| |_| |
  |_| |_____|____/ |_|   |____/ |_/_/   \_\_| \_\|_| |_____|____/ 
                                                                  

TEST STARTED: createMultipleProducts[34]
-------------------------------------------------------------------
3907 [CreateProductDataDrivenTest-3-thread-35] INFO net.serenitybdd.core.Serenity - TEST NUMBER: 18
3908 [CreateProductDataDrivenTest-3-thread-11] INFO net.serenitybdd.core.Serenity - Test Suite Started: Create product data driven test
3909 [CreateProductDataDrivenTest-3-thread-11] INFO net.serenitybdd.core.Serenity - 
 _____ _____ ____ _____   ____ _____  _    ____ _____ _____ ____  
|_   _| ____/ ___|_   _| / ___|_   _|/ \  |  _ \_   _| ____|  _ \ 
  | | |  _| \___ \ | |   \___ \ | | / _ \ | |_) || | |  _| | | | |
  | | | |___ ___) || |    ___) || |/ ___ \|  _ < | | | |___| |_| |
  |_| |_____|____/ |_|   |____/ |_/_/   \_\_| \_\|_| |_____|____/ 
                                                                  

TEST STARTED: createMultipleProducts[10]
-------------------------------------------------------------------
3909 [CreateProductDataDrivenTest-3-thread-11] INFO net.serenitybdd.core.Serenity - TEST NUMBER: 19
3912 [CreateProductDataDrivenTest-3-thread-54] INFO net.serenitybdd.core.Serenity - Test Suite Started: Create product data driven test
3913 [CreateProductDataDrivenTest-3-thread-54] INFO net.serenitybdd.core.Serenity - 
 _____ _____ ____ _____   ____ _____  _    ____ _____ _____ ____  
|_   _| ____/ ___|_   _| / ___|_   _|/ \  |  _ \_   _| ____|  _ \ 
  | | |  _| \___ \ | |   \___ \ | | / _ \ | |_) || | |  _| | | | |
  | | | |___ ___) || |    ___) || |/ ___ \|  _ < | | | |___| |_| |
  |_| |_____|____/ |_|   |____/ |_/_/   \_\_| \_\|_| |_____|____/ 
                                                                  

TEST STARTED: createMultipleProducts[53]
-------------------------------------------------------------------
3913 [CreateProductDataDrivenTest-3-thread-54] INFO net.serenitybdd.core.Serenity - TEST NUMBER: 20
3920 [CreateProductDataDrivenTest-3-thread-63] INFO net.serenitybdd.core.Serenity - Test Suite Started: Create product data driven test
3922 [CreateProductDataDrivenTest-3-thread-63] INFO net.serenitybdd.core.Serenity - 
 _____ _____ ____ _____   ____ _____  _    ____ _____ _____ ____  
|_   _| ____/ ___|_   _| / ___|_   _|/ \  |  _ \_   _| ____|  _ \ 
  | | |  _| \___ \ | |   \___ \ | | / _ \ | |_) || | |  _| | | | |
  | | | |___ ___) || |    ___) || |/ ___ \|  _ < | | | |___| |_| |
  |_| |_____|____/ |_|   |____/ |_/_/   \_\_| \_\|_| |_____|____/ 
                                                                  

TEST STARTED: createMultipleProducts[62]
-------------------------------------------------------------------
3922 [CreateProductDataDrivenTest-3-thread-63] INFO net.serenitybdd.core.Serenity - TEST NUMBER: 21
3935 [CreateProductDataDrivenTest-3-thread-31] INFO net.serenitybdd.core.Serenity - Test Suite Started: Create product data driven test
3936 [CreateProductDataDrivenTest-3-thread-31] INFO net.serenitybdd.core.Serenity - 
 _____ _____ ____ _____   ____ _____  _    ____ _____ _____ ____  
|_   _| ____/ ___|_   _| / ___|_   _|/ \  |  _ \_   _| ____|  _ \ 
  | | |  _| \___ \ | |   \___ \ | | / _ \ | |_) || | |  _| | | | |
  | | | |___ ___) || |    ___) || |/ ___ \|  _ < | | | |___| |_| |
  |_| |_____|____/ |_|   |____/ |_/_/   \_\_| \_\|_| |_____|____/ 
                                                                  

TEST STARTED: createMultipleProducts[30]
-------------------------------------------------------------------
3937 [CreateProductDataDrivenTest-3-thread-31] INFO net.serenitybdd.core.Serenity - TEST NUMBER: 22
3939 [CreateProductDataDrivenTest-3-thread-19] INFO net.serenitybdd.core.Serenity - Test Suite Started: Create product data driven test
3939 [CreateProductDataDrivenTest-3-thread-19] INFO net.serenitybdd.core.Serenity - 
 _____ _____ ____ _____   ____ _____  _    ____ _____ _____ ____  
|_   _| ____/ ___|_   _| / ___|_   _|/ \  |  _ \_   _| ____|  _ \ 
  | | |  _| \___ \ | |   \___ \ | | / _ \ | |_) || | |  _| | | | |
  | | | |___ ___) || |    ___) || |/ ___ \|  _ < | | | |___| |_| |
  |_| |_____|____/ |_|   |____/ |_/_/   \_\_| \_\|_| |_____|____/ 
                                                                  

TEST STARTED: createMultipleProducts[18]
-------------------------------------------------------------------
3939 [CreateProductDataDrivenTest-3-thread-19] INFO net.serenitybdd.core.Serenity - TEST NUMBER: 23
3942 [CreateProductDataDrivenTest-3-thread-59] INFO net.serenitybdd.core.Serenity - Test Suite Started: Create product data driven test
3942 [CreateProductDataDrivenTest-3-thread-59] INFO net.serenitybdd.core.Serenity - 
 _____ _____ ____ _____   ____ _____  _    ____ _____ _____ ____  
|_   _| ____/ ___|_   _| / ___|_   _|/ \  |  _ \_   _| ____|  _ \ 
  | | |  _| \___ \ | |   \___ \ | | / _ \ | |_) || | |  _| | | | |
  | | | |___ ___) || |    ___) || |/ ___ \|  _ < | | | |___| |_| |
  |_| |_____|____/ |_|   |____/ |_/_/   \_\_| \_\|_| |_____|____/ 
                                                                  

TEST STARTED: createMultipleProducts[58]
-------------------------------------------------------------------
3942 [CreateProductDataDrivenTest-3-thread-59] INFO net.serenitybdd.core.Serenity - TEST NUMBER: 24
3950 [CreateProductDataDrivenTest-3-thread-45] INFO net.serenitybdd.core.Serenity - Test Suite Started: Create product data driven test
3951 [CreateProductDataDrivenTest-3-thread-45] INFO net.serenitybdd.core.Serenity - 
 _____ _____ ____ _____   ____ _____  _    ____ _____ _____ ____  
|_   _| ____/ ___|_   _| / ___|_   _|/ \  |  _ \_   _| ____|  _ \ 
  | | |  _| \___ \ | |   \___ \ | | / _ \ | |_) || | |  _| | | | |
  | | | |___ ___) || |    ___) || |/ ___ \|  _ < | | | |___| |_| |
  |_| |_____|____/ |_|   |____/ |_/_/   \_\_| \_\|_| |_____|____/ 
                                                                  

TEST STARTED: createMultipleProducts[44]
-------------------------------------------------------------------
3951 [CreateProductDataDrivenTest-3-thread-45] INFO net.serenitybdd.core.Serenity - TEST NUMBER: 25
3953 [CreateProductDataDrivenTest-3-thread-16] INFO net.serenitybdd.core.Serenity - Test Suite Started: Create product data driven test
3955 [CreateProductDataDrivenTest-3-thread-16] INFO net.serenitybdd.core.Serenity - 
 _____ _____ ____ _____   ____ _____  _    ____ _____ _____ ____  
|_   _| ____/ ___|_   _| / ___|_   _|/ \  |  _ \_   _| ____|  _ \ 
  | | |  _| \___ \ | |   \___ \ | | / _ \ | |_) || | |  _| | | | |
  | | | |___ ___) || |    ___) || |/ ___ \|  _ < | | | |___| |_| |
  |_| |_____|____/ |_|   |____/ |_/_/   \_\_| \_\|_| |_____|____/ 
                                                                  

TEST STARTED: createMultipleProducts[15]
-------------------------------------------------------------------
3955 [CreateProductDataDrivenTest-3-thread-16] INFO net.serenitybdd.core.Serenity - TEST NUMBER: 26
3956 [CreateProductDataDrivenTest-3-thread-29] INFO net.serenitybdd.core.Serenity - Test Suite Started: Create product data driven test
3957 [CreateProductDataDrivenTest-3-thread-29] INFO net.serenitybdd.core.Serenity - 
 _____ _____ ____ _____   ____ _____  _    ____ _____ _____ ____  
|_   _| ____/ ___|_   _| / ___|_   _|/ \  |  _ \_   _| ____|  _ \ 
  | | |  _| \___ \ | |   \___ \ | | / _ \ | |_) || | |  _| | | | |
  | | | |___ ___) || |    ___) || |/ ___ \|  _ < | | | |___| |_| |
  |_| |_____|____/ |_|   |____/ |_/_/   \_\_| \_\|_| |_____|____/ 
                                                                  

TEST STARTED: createMultipleProducts[28]
-------------------------------------------------------------------
3957 [CreateProductDataDrivenTest-3-thread-29] INFO net.serenitybdd.core.Serenity - TEST NUMBER: 27
3958 [CreateProductDataDrivenTest-3-thread-40] INFO net.serenitybdd.core.Serenity - Test Suite Started: Create product data driven test
3959 [CreateProductDataDrivenTest-3-thread-40] INFO net.serenitybdd.core.Serenity - 
 _____ _____ ____ _____   ____ _____  _    ____ _____ _____ ____  
|_   _| ____/ ___|_   _| / ___|_   _|/ \  |  _ \_   _| ____|  _ \ 
  | | |  _| \___ \ | |   \___ \ | | / _ \ | |_) || | |  _| | | | |
  | | | |___ ___) || |    ___) || |/ ___ \|  _ < | | | |___| |_| |
  |_| |_____|____/ |_|   |____/ |_/_/   \_\_| \_\|_| |_____|____/ 
                                                                  

TEST STARTED: createMultipleProducts[39]
-------------------------------------------------------------------
3959 [CreateProductDataDrivenTest-3-thread-40] INFO net.serenitybdd.core.Serenity - TEST NUMBER: 28
3961 [CreateProductDataDrivenTest-3-thread-60] INFO net.serenitybdd.core.Serenity - Test Suite Started: Create product data driven test
3961 [CreateProductDataDrivenTest-3-thread-60] INFO net.serenitybdd.core.Serenity - 
 _____ _____ ____ _____   ____ _____  _    ____ _____ _____ ____  
|_   _| ____/ ___|_   _| / ___|_   _|/ \  |  _ \_   _| ____|  _ \ 
  | | |  _| \___ \ | |   \___ \ | | / _ \ | |_) || | |  _| | | | |
  | | | |___ ___) || |    ___) || |/ ___ \|  _ < | | | |___| |_| |
  |_| |_____|____/ |_|   |____/ |_/_/   \_\_| \_\|_| |_____|____/ 
                                                                  

TEST STARTED: createMultipleProducts[59]
-------------------------------------------------------------------
3962 [CreateProductDataDrivenTest-3-thread-60] INFO net.serenitybdd.core.Serenity - TEST NUMBER: 29
3964 [CreateProductDataDrivenTest-3-thread-18] INFO net.serenitybdd.core.Serenity - Test Suite Started: Create product data driven test
3964 [CreateProductDataDrivenTest-3-thread-18] INFO net.serenitybdd.core.Serenity - 
 _____ _____ ____ _____   ____ _____  _    ____ _____ _____ ____  
|_   _| ____/ ___|_   _| / ___|_   _|/ \  |  _ \_   _| ____|  _ \ 
  | | |  _| \___ \ | |   \___ \ | | / _ \ | |_) || | |  _| | | | |
  | | | |___ ___) || |    ___) || |/ ___ \|  _ < | | | |___| |_| |
  |_| |_____|____/ |_|   |____/ |_/_/   \_\_| \_\|_| |_____|____/ 
                                                                  

TEST STARTED: createMultipleProducts[17]
-------------------------------------------------------------------
3964 [CreateProductDataDrivenTest-3-thread-18] INFO net.serenitybdd.core.Serenity - TEST NUMBER: 30
3966 [CreateProductDataDrivenTest-3-thread-47] INFO net.serenitybdd.core.Serenity - Test Suite Started: Create product data driven test
3968 [CreateProductDataDrivenTest-3-thread-47] INFO net.serenitybdd.core.Serenity - 
 _____ _____ ____ _____   ____ _____  _    ____ _____ _____ ____  
|_   _| ____/ ___|_   _| / ___|_   _|/ \  |  _ \_   _| ____|  _ \ 
  | | |  _| \___ \ | |   \___ \ | | / _ \ | |_) || | |  _| | | | |
  | | | |___ ___) || |    ___) || |/ ___ \|  _ < | | | |___| |_| |
  |_| |_____|____/ |_|   |____/ |_/_/   \_\_| \_\|_| |_____|____/ 
                                                                  

TEST STARTED: createMultipleProducts[46]
-------------------------------------------------------------------
3969 [CreateProductDataDrivenTest-3-thread-47] INFO net.serenitybdd.core.Serenity - TEST NUMBER: 31
3971 [CreateProductDataDrivenTest-3-thread-1] INFO net.serenitybdd.core.Serenity - Test Suite Started: Create product data driven test
3971 [CreateProductDataDrivenTest-3-thread-1] INFO net.serenitybdd.core.Serenity - 
 _____ _____ ____ _____   ____ _____  _    ____ _____ _____ ____  
|_   _| ____/ ___|_   _| / ___|_   _|/ \  |  _ \_   _| ____|  _ \ 
  | | |  _| \___ \ | |   \___ \ | | / _ \ | |_) || | |  _| | | | |
  | | | |___ ___) || |    ___) || |/ ___ \|  _ < | | | |___| |_| |
  |_| |_____|____/ |_|   |____/ |_/_/   \_\_| \_\|_| |_____|____/ 
                                                                  

TEST STARTED: createMultipleProducts[0]
-------------------------------------------------------------------
3971 [CreateProductDataDrivenTest-3-thread-1] INFO net.serenitybdd.core.Serenity - TEST NUMBER: 32
3973 [CreateProductDataDrivenTest-3-thread-57] INFO net.serenitybdd.core.Serenity - Test Suite Started: Create product data driven test
3973 [CreateProductDataDrivenTest-3-thread-57] INFO net.serenitybdd.core.Serenity - 
 _____ _____ ____ _____   ____ _____  _    ____ _____ _____ ____  
|_   _| ____/ ___|_   _| / ___|_   _|/ \  |  _ \_   _| ____|  _ \ 
  | | |  _| \___ \ | |   \___ \ | | / _ \ | |_) || | |  _| | | | |
  | | | |___ ___) || |    ___) || |/ ___ \|  _ < | | | |___| |_| |
  |_| |_____|____/ |_|   |____/ |_/_/   \_\_| \_\|_| |_____|____/ 
                                                                  

TEST STARTED: createMultipleProducts[56]
-------------------------------------------------------------------
3974 [CreateProductDataDrivenTest-3-thread-57] INFO net.serenitybdd.core.Serenity - TEST NUMBER: 33
3975 [CreateProductDataDrivenTest-3-thread-32] INFO net.serenitybdd.core.Serenity - Test Suite Started: Create product data driven test
3976 [CreateProductDataDrivenTest-3-thread-32] INFO net.serenitybdd.core.Serenity - 
 _____ _____ ____ _____   ____ _____  _    ____ _____ _____ ____  
|_   _| ____/ ___|_   _| / ___|_   _|/ \  |  _ \_   _| ____|  _ \ 
  | | |  _| \___ \ | |   \___ \ | | / _ \ | |_) || | |  _| | | | |
  | | | |___ ___) || |    ___) || |/ ___ \|  _ < | | | |___| |_| |
  |_| |_____|____/ |_|   |____/ |_/_/   \_\_| \_\|_| |_____|____/ 
                                                                  

TEST STARTED: createMultipleProducts[31]
-------------------------------------------------------------------
3976 [CreateProductDataDrivenTest-3-thread-32] INFO net.serenitybdd.core.Serenity - TEST NUMBER: 34
3978 [CreateProductDataDrivenTest-3-thread-41] INFO net.serenitybdd.core.Serenity - Test Suite Started: Create product data driven test
3979 [CreateProductDataDrivenTest-3-thread-41] INFO net.serenitybdd.core.Serenity - 
 _____ _____ ____ _____   ____ _____  _    ____ _____ _____ ____  
|_   _| ____/ ___|_   _| / ___|_   _|/ \  |  _ \_   _| ____|  _ \ 
  | | |  _| \___ \ | |   \___ \ | | / _ \ | |_) || | |  _| | | | |
  | | | |___ ___) || |    ___) || |/ ___ \|  _ < | | | |___| |_| |
  |_| |_____|____/ |_|   |____/ |_/_/   \_\_| \_\|_| |_____|____/ 
                                                                  

TEST STARTED: createMultipleProducts[40]
-------------------------------------------------------------------
3979 [CreateProductDataDrivenTest-3-thread-41] INFO net.serenitybdd.core.Serenity - TEST NUMBER: 35
3982 [CreateProductDataDrivenTest-3-thread-36] INFO net.serenitybdd.core.Serenity - Test Suite Started: Create product data driven test
3986 [CreateProductDataDrivenTest-3-thread-36] INFO net.serenitybdd.core.Serenity - 
 _____ _____ ____ _____   ____ _____  _    ____ _____ _____ ____  
|_   _| ____/ ___|_   _| / ___|_   _|/ \  |  _ \_   _| ____|  _ \ 
  | | |  _| \___ \ | |   \___ \ | | / _ \ | |_) || | |  _| | | | |
  | | | |___ ___) || |    ___) || |/ ___ \|  _ < | | | |___| |_| |
  |_| |_____|____/ |_|   |____/ |_/_/   \_\_| \_\|_| |_____|____/ 
                                                                  

TEST STARTED: createMultipleProducts[35]
-------------------------------------------------------------------
3986 [CreateProductDataDrivenTest-3-thread-36] INFO net.serenitybdd.core.Serenity - TEST NUMBER: 36
3988 [CreateProductDataDrivenTest-3-thread-24] INFO net.serenitybdd.core.Serenity - Test Suite Started: Create product data driven test
3989 [CreateProductDataDrivenTest-3-thread-24] INFO net.serenitybdd.core.Serenity - 
 _____ _____ ____ _____   ____ _____  _    ____ _____ _____ ____  
|_   _| ____/ ___|_   _| / ___|_   _|/ \  |  _ \_   _| ____|  _ \ 
  | | |  _| \___ \ | |   \___ \ | | / _ \ | |_) || | |  _| | | | |
  | | | |___ ___) || |    ___) || |/ ___ \|  _ < | | | |___| |_| |
  |_| |_____|____/ |_|   |____/ |_/_/   \_\_| \_\|_| |_____|____/ 
                                                                  

TEST STARTED: createMultipleProducts[23]
-------------------------------------------------------------------
3989 [CreateProductDataDrivenTest-3-thread-24] INFO net.serenitybdd.core.Serenity - TEST NUMBER: 37
3992 [CreateProductDataDrivenTest-3-thread-30] INFO net.serenitybdd.core.Serenity - Test Suite Started: Create product data driven test
3993 [CreateProductDataDrivenTest-3-thread-30] INFO net.serenitybdd.core.Serenity - 
 _____ _____ ____ _____   ____ _____  _    ____ _____ _____ ____  
|_   _| ____/ ___|_   _| / ___|_   _|/ \  |  _ \_   _| ____|  _ \ 
  | | |  _| \___ \ | |   \___ \ | | / _ \ | |_) || | |  _| | | | |
  | | | |___ ___) || |    ___) || |/ ___ \|  _ < | | | |___| |_| |
  |_| |_____|____/ |_|   |____/ |_/_/   \_\_| \_\|_| |_____|____/ 
                                                                  

TEST STARTED: createMultipleProducts[29]
-------------------------------------------------------------------
3993 [CreateProductDataDrivenTest-3-thread-30] INFO net.serenitybdd.core.Serenity - TEST NUMBER: 38
3996 [CreateProductDataDrivenTest-3-thread-56] INFO net.serenitybdd.core.Serenity - Test Suite Started: Create product data driven test
3997 [CreateProductDataDrivenTest-3-thread-56] INFO net.serenitybdd.core.Serenity - 
 _____ _____ ____ _____   ____ _____  _    ____ _____ _____ ____  
|_   _| ____/ ___|_   _| / ___|_   _|/ \  |  _ \_   _| ____|  _ \ 
  | | |  _| \___ \ | |   \___ \ | | / _ \ | |_) || | |  _| | | | |
  | | | |___ ___) || |    ___) || |/ ___ \|  _ < | | | |___| |_| |
  |_| |_____|____/ |_|   |____/ |_/_/   \_\_| \_\|_| |_____|____/ 
                                                                  

TEST STARTED: createMultipleProducts[55]
-------------------------------------------------------------------
3997 [CreateProductDataDrivenTest-3-thread-56] INFO net.serenitybdd.core.Serenity - TEST NUMBER: 39
4001 [CreateProductDataDrivenTest-3-thread-10] INFO net.serenitybdd.core.Serenity - Test Suite Started: Create product data driven test
4002 [CreateProductDataDrivenTest-3-thread-10] INFO net.serenitybdd.core.Serenity - 
 _____ _____ ____ _____   ____ _____  _    ____ _____ _____ ____  
|_   _| ____/ ___|_   _| / ___|_   _|/ \  |  _ \_   _| ____|  _ \ 
  | | |  _| \___ \ | |   \___ \ | | / _ \ | |_) || | |  _| | | | |
  | | | |___ ___) || |    ___) || |/ ___ \|  _ < | | | |___| |_| |
  |_| |_____|____/ |_|   |____/ |_/_/   \_\_| \_\|_| |_____|____/ 
                                                                  

TEST STARTED: createMultipleProducts[9]
-------------------------------------------------------------------
4003 [CreateProductDataDrivenTest-3-thread-10] INFO net.serenitybdd.core.Serenity - TEST NUMBER: 40
4007 [CreateProductDataDrivenTest-3-thread-15] INFO net.serenitybdd.core.Serenity - Test Suite Started: Create product data driven test
4008 [CreateProductDataDrivenTest-3-thread-15] INFO net.serenitybdd.core.Serenity - 
 _____ _____ ____ _____   ____ _____  _    ____ _____ _____ ____  
|_   _| ____/ ___|_   _| / ___|_   _|/ \  |  _ \_   _| ____|  _ \ 
  | | |  _| \___ \ | |   \___ \ | | / _ \ | |_) || | |  _| | | | |
  | | | |___ ___) || |    ___) || |/ ___ \|  _ < | | | |___| |_| |
  |_| |_____|____/ |_|   |____/ |_/_/   \_\_| \_\|_| |_____|____/ 
                                                                  

TEST STARTED: createMultipleProducts[14]
-------------------------------------------------------------------
4008 [CreateProductDataDrivenTest-3-thread-15] INFO net.serenitybdd.core.Serenity - TEST NUMBER: 41
4010 [CreateProductDataDrivenTest-3-thread-22] INFO net.serenitybdd.core.Serenity - Test Suite Started: Create product data driven test
4011 [CreateProductDataDrivenTest-3-thread-22] INFO net.serenitybdd.core.Serenity - 
 _____ _____ ____ _____   ____ _____  _    ____ _____ _____ ____  
|_   _| ____/ ___|_   _| / ___|_   _|/ \  |  _ \_   _| ____|  _ \ 
  | | |  _| \___ \ | |   \___ \ | | / _ \ | |_) || | |  _| | | | |
  | | | |___ ___) || |    ___) || |/ ___ \|  _ < | | | |___| |_| |
  |_| |_____|____/ |_|   |____/ |_/_/   \_\_| \_\|_| |_____|____/ 
                                                                  

TEST STARTED: createMultipleProducts[21]
-------------------------------------------------------------------
4011 [CreateProductDataDrivenTest-3-thread-22] INFO net.serenitybdd.core.Serenity - TEST NUMBER: 42
4013 [CreateProductDataDrivenTest-3-thread-38] INFO net.serenitybdd.core.Serenity - Test Suite Started: Create product data driven test
4014 [CreateProductDataDrivenTest-3-thread-38] INFO net.serenitybdd.core.Serenity - 
 _____ _____ ____ _____   ____ _____  _    ____ _____ _____ ____  
|_   _| ____/ ___|_   _| / ___|_   _|/ \  |  _ \_   _| ____|  _ \ 
  | | |  _| \___ \ | |   \___ \ | | / _ \ | |_) || | |  _| | | | |
  | | | |___ ___) || |    ___) || |/ ___ \|  _ < | | | |___| |_| |
  |_| |_____|____/ |_|   |____/ |_/_/   \_\_| \_\|_| |_____|____/ 
                                                                  

TEST STARTED: createMultipleProducts[37]
-------------------------------------------------------------------
4014 [CreateProductDataDrivenTest-3-thread-38] INFO net.serenitybdd.core.Serenity - TEST NUMBER: 43
4015 [CreateProductDataDrivenTest-3-thread-49] INFO net.serenitybdd.core.Serenity - Test Suite Started: Create product data driven test
4016 [CreateProductDataDrivenTest-3-thread-49] INFO net.serenitybdd.core.Serenity - 
 _____ _____ ____ _____   ____ _____  _    ____ _____ _____ ____  
|_   _| ____/ ___|_   _| / ___|_   _|/ \  |  _ \_   _| ____|  _ \ 
  | | |  _| \___ \ | |   \___ \ | | / _ \ | |_) || | |  _| | | | |
  | | | |___ ___) || |    ___) || |/ ___ \|  _ < | | | |___| |_| |
  |_| |_____|____/ |_|   |____/ |_/_/   \_\_| \_\|_| |_____|____/ 
                                                                  

TEST STARTED: createMultipleProducts[48]
-------------------------------------------------------------------
4016 [CreateProductDataDrivenTest-3-thread-49] INFO net.serenitybdd.core.Serenity - TEST NUMBER: 44
4017 [CreateProductDataDrivenTest-3-thread-58] INFO net.serenitybdd.core.Serenity - Test Suite Started: Create product data driven test
4018 [CreateProductDataDrivenTest-3-thread-58] INFO net.serenitybdd.core.Serenity - 
 _____ _____ ____ _____   ____ _____  _    ____ _____ _____ ____  
|_   _| ____/ ___|_   _| / ___|_   _|/ \  |  _ \_   _| ____|  _ \ 
  | | |  _| \___ \ | |   \___ \ | | / _ \ | |_) || | |  _| | | | |
  | | | |___ ___) || |    ___) || |/ ___ \|  _ < | | | |___| |_| |
  |_| |_____|____/ |_|   |____/ |_/_/   \_\_| \_\|_| |_____|____/ 
                                                                  

TEST STARTED: createMultipleProducts[57]
-------------------------------------------------------------------
4018 [CreateProductDataDrivenTest-3-thread-58] INFO net.serenitybdd.core.Serenity - TEST NUMBER: 45
4019 [CreateProductDataDrivenTest-3-thread-23] INFO net.serenitybdd.core.Serenity - Test Suite Started: Create product data driven test
4020 [CreateProductDataDrivenTest-3-thread-23] INFO net.serenitybdd.core.Serenity - 
 _____ _____ ____ _____   ____ _____  _    ____ _____ _____ ____  
|_   _| ____/ ___|_   _| / ___|_   _|/ \  |  _ \_   _| ____|  _ \ 
  | | |  _| \___ \ | |   \___ \ | | / _ \ | |_) || | |  _| | | | |
  | | | |___ ___) || |    ___) || |/ ___ \|  _ < | | | |___| |_| |
  |_| |_____|____/ |_|   |____/ |_/_/   \_\_| \_\|_| |_____|____/ 
                                                                  

TEST STARTED: createMultipleProducts[22]
-------------------------------------------------------------------
4020 [CreateProductDataDrivenTest-3-thread-23] INFO net.serenitybdd.core.Serenity - TEST NUMBER: 46
4025 [CreateProductDataDrivenTest-3-thread-33] INFO net.serenitybdd.core.Serenity - Test Suite Started: Create product data driven test
4025 [CreateProductDataDrivenTest-3-thread-33] INFO net.serenitybdd.core.Serenity - 
 _____ _____ ____ _____   ____ _____  _    ____ _____ _____ ____  
|_   _| ____/ ___|_   _| / ___|_   _|/ \  |  _ \_   _| ____|  _ \ 
  | | |  _| \___ \ | |   \___ \ | | / _ \ | |_) || | |  _| | | | |
  | | | |___ ___) || |    ___) || |/ ___ \|  _ < | | | |___| |_| |
  |_| |_____|____/ |_|   |____/ |_/_/   \_\_| \_\|_| |_____|____/ 
                                                                  

TEST STARTED: createMultipleProducts[32]
-------------------------------------------------------------------
4027 [CreateProductDataDrivenTest-3-thread-33] INFO net.serenitybdd.core.Serenity - TEST NUMBER: 47
4030 [CreateProductDataDrivenTest-3-thread-43] INFO net.serenitybdd.core.Serenity - Test Suite Started: Create product data driven test
4032 [CreateProductDataDrivenTest-3-thread-43] INFO net.serenitybdd.core.Serenity - 
 _____ _____ ____ _____   ____ _____  _    ____ _____ _____ ____  
|_   _| ____/ ___|_   _| / ___|_   _|/ \  |  _ \_   _| ____|  _ \ 
  | | |  _| \___ \ | |   \___ \ | | / _ \ | |_) || | |  _| | | | |
  | | | |___ ___) || |    ___) || |/ ___ \|  _ < | | | |___| |_| |
  |_| |_____|____/ |_|   |____/ |_/_/   \_\_| \_\|_| |_____|____/ 
                                                                  

TEST STARTED: createMultipleProducts[42]
-------------------------------------------------------------------
4032 [CreateProductDataDrivenTest-3-thread-43] INFO net.serenitybdd.core.Serenity - TEST NUMBER: 48
4033 [CreateProductDataDrivenTest-3-thread-21] INFO net.serenitybdd.core.Serenity - Test Suite Started: Create product data driven test
4034 [CreateProductDataDrivenTest-3-thread-21] INFO net.serenitybdd.core.Serenity - 
 _____ _____ ____ _____   ____ _____  _    ____ _____ _____ ____  
|_   _| ____/ ___|_   _| / ___|_   _|/ \  |  _ \_   _| ____|  _ \ 
  | | |  _| \___ \ | |   \___ \ | | / _ \ | |_) || | |  _| | | | |
  | | | |___ ___) || |    ___) || |/ ___ \|  _ < | | | |___| |_| |
  |_| |_____|____/ |_|   |____/ |_/_/   \_\_| \_\|_| |_____|____/ 
                                                                  

TEST STARTED: createMultipleProducts[20]
-------------------------------------------------------------------
4034 [CreateProductDataDrivenTest-3-thread-21] INFO net.serenitybdd.core.Serenity - TEST NUMBER: 49
4038 [CreateProductDataDrivenTest-3-thread-28] INFO net.serenitybdd.core.Serenity - Test Suite Started: Create product data driven test
4042 [CreateProductDataDrivenTest-3-thread-28] INFO net.serenitybdd.core.Serenity - 
 _____ _____ ____ _____   ____ _____  _    ____ _____ _____ ____  
|_   _| ____/ ___|_   _| / ___|_   _|/ \  |  _ \_   _| ____|  _ \ 
  | | |  _| \___ \ | |   \___ \ | | / _ \ | |_) || | |  _| | | | |
  | | | |___ ___) || |    ___) || |/ ___ \|  _ < | | | |___| |_| |
  |_| |_____|____/ |_|   |____/ |_/_/   \_\_| \_\|_| |_____|____/ 
                                                                  

TEST STARTED: createMultipleProducts[27]
-------------------------------------------------------------------
4042 [CreateProductDataDrivenTest-3-thread-28] INFO net.serenitybdd.core.Serenity - TEST NUMBER: 50
4051 [CreateProductDataDrivenTest-3-thread-5] INFO net.serenitybdd.core.Serenity - Test Suite Started: Create product data driven test
4051 [CreateProductDataDrivenTest-3-thread-5] INFO net.serenitybdd.core.Serenity - 
 _____ _____ ____ _____   ____ _____  _    ____ _____ _____ ____  
|_   _| ____/ ___|_   _| / ___|_   _|/ \  |  _ \_   _| ____|  _ \ 
  | | |  _| \___ \ | |   \___ \ | | / _ \ | |_) || | |  _| | | | |
  | | | |___ ___) || |    ___) || |/ ___ \|  _ < | | | |___| |_| |
  |_| |_____|____/ |_|   |____/ |_/_/   \_\_| \_\|_| |_____|____/ 
                                                                  

TEST STARTED: createMultipleProducts[4]
-------------------------------------------------------------------
4051 [CreateProductDataDrivenTest-3-thread-5] INFO net.serenitybdd.core.Serenity - TEST NUMBER: 51
4052 [CreateProductDataDrivenTest-3-thread-4] INFO net.serenitybdd.core.Serenity - Test Suite Started: Create product data driven test
4053 [CreateProductDataDrivenTest-3-thread-4] INFO net.serenitybdd.core.Serenity - 
 _____ _____ ____ _____   ____ _____  _    ____ _____ _____ ____  
|_   _| ____/ ___|_   _| / ___|_   _|/ \  |  _ \_   _| ____|  _ \ 
  | | |  _| \___ \ | |   \___ \ | | / _ \ | |_) || | |  _| | | | |
  | | | |___ ___) || |    ___) || |/ ___ \|  _ < | | | |___| |_| |
  |_| |_____|____/ |_|   |____/ |_/_/   \_\_| \_\|_| |_____|____/ 
                                                                  

TEST STARTED: createMultipleProducts[3]
-------------------------------------------------------------------
4053 [CreateProductDataDrivenTest-3-thread-4] INFO net.serenitybdd.core.Serenity - TEST NUMBER: 52
4055 [CreateProductDataDrivenTest-3-thread-7] INFO net.serenitybdd.core.Serenity - Test Suite Started: Create product data driven test
4056 [CreateProductDataDrivenTest-3-thread-7] INFO net.serenitybdd.core.Serenity - 
 _____ _____ ____ _____   ____ _____  _    ____ _____ _____ ____  
|_   _| ____/ ___|_   _| / ___|_   _|/ \  |  _ \_   _| ____|  _ \ 
  | | |  _| \___ \ | |   \___ \ | | / _ \ | |_) || | |  _| | | | |
  | | | |___ ___) || |    ___) || |/ ___ \|  _ < | | | |___| |_| |
  |_| |_____|____/ |_|   |____/ |_/_/   \_\_| \_\|_| |_____|____/ 
                                                                  

TEST STARTED: createMultipleProducts[6]
-------------------------------------------------------------------
4056 [CreateProductDataDrivenTest-3-thread-7] INFO net.serenitybdd.core.Serenity - TEST NUMBER: 53
4059 [CreateProductDataDrivenTest-3-thread-17] INFO net.serenitybdd.core.Serenity - Test Suite Started: Create product data driven test
4059 [CreateProductDataDrivenTest-3-thread-17] INFO net.serenitybdd.core.Serenity - 
 _____ _____ ____ _____   ____ _____  _    ____ _____ _____ ____  
|_   _| ____/ ___|_   _| / ___|_   _|/ \  |  _ \_   _| ____|  _ \ 
  | | |  _| \___ \ | |   \___ \ | | / _ \ | |_) || | |  _| | | | |
  | | | |___ ___) || |    ___) || |/ ___ \|  _ < | | | |___| |_| |
  |_| |_____|____/ |_|   |____/ |_/_/   \_\_| \_\|_| |_____|____/ 
                                                                  

TEST STARTED: createMultipleProducts[16]
-------------------------------------------------------------------
4059 [CreateProductDataDrivenTest-3-thread-17] INFO net.serenitybdd.core.Serenity - TEST NUMBER: 54
4061 [CreateProductDataDrivenTest-3-thread-20] INFO net.serenitybdd.core.Serenity - Test Suite Started: Create product data driven test
4062 [CreateProductDataDrivenTest-3-thread-20] INFO net.serenitybdd.core.Serenity - 
 _____ _____ ____ _____   ____ _____  _    ____ _____ _____ ____  
|_   _| ____/ ___|_   _| / ___|_   _|/ \  |  _ \_   _| ____|  _ \ 
  | | |  _| \___ \ | |   \___ \ | | / _ \ | |_) || | |  _| | | | |
  | | | |___ ___) || |    ___) || |/ ___ \|  _ < | | | |___| |_| |
  |_| |_____|____/ |_|   |____/ |_/_/   \_\_| \_\|_| |_____|____/ 
                                                                  

TEST STARTED: createMultipleProducts[19]
-------------------------------------------------------------------
4062 [CreateProductDataDrivenTest-3-thread-20] INFO net.serenitybdd.core.Serenity - TEST NUMBER: 55
4064 [CreateProductDataDrivenTest-3-thread-37] INFO net.serenitybdd.core.Serenity - Test Suite Started: Create product data driven test
4064 [CreateProductDataDrivenTest-3-thread-37] INFO net.serenitybdd.core.Serenity - 
 _____ _____ ____ _____   ____ _____  _    ____ _____ _____ ____  
|_   _| ____/ ___|_   _| / ___|_   _|/ \  |  _ \_   _| ____|  _ \ 
  | | |  _| \___ \ | |   \___ \ | | / _ \ | |_) || | |  _| | | | |
  | | | |___ ___) || |    ___) || |/ ___ \|  _ < | | | |___| |_| |
  |_| |_____|____/ |_|   |____/ |_/_/   \_\_| \_\|_| |_____|____/ 
                                                                  

TEST STARTED: createMultipleProducts[36]
-------------------------------------------------------------------
4064 [CreateProductDataDrivenTest-3-thread-37] INFO net.serenitybdd.core.Serenity - TEST NUMBER: 56
4067 [CreateProductDataDrivenTest-3-thread-62] INFO net.serenitybdd.core.Serenity - Test Suite Started: Create product data driven test
4067 [CreateProductDataDrivenTest-3-thread-62] INFO net.serenitybdd.core.Serenity - 
 _____ _____ ____ _____   ____ _____  _    ____ _____ _____ ____  
|_   _| ____/ ___|_   _| / ___|_   _|/ \  |  _ \_   _| ____|  _ \ 
  | | |  _| \___ \ | |   \___ \ | | / _ \ | |_) || | |  _| | | | |
  | | | |___ ___) || |    ___) || |/ ___ \|  _ < | | | |___| |_| |
  |_| |_____|____/ |_|   |____/ |_/_/   \_\_| \_\|_| |_____|____/ 
                                                                  

TEST STARTED: createMultipleProducts[61]
-------------------------------------------------------------------
4067 [CreateProductDataDrivenTest-3-thread-62] INFO net.serenitybdd.core.Serenity - TEST NUMBER: 57
4069 [CreateProductDataDrivenTest-3-thread-8] INFO net.serenitybdd.core.Serenity - Test Suite Started: Create product data driven test
4070 [CreateProductDataDrivenTest-3-thread-8] INFO net.serenitybdd.core.Serenity - 
 _____ _____ ____ _____   ____ _____  _    ____ _____ _____ ____  
|_   _| ____/ ___|_   _| / ___|_   _|/ \  |  _ \_   _| ____|  _ \ 
  | | |  _| \___ \ | |   \___ \ | | / _ \ | |_) || | |  _| | | | |
  | | | |___ ___) || |    ___) || |/ ___ \|  _ < | | | |___| |_| |
  |_| |_____|____/ |_|   |____/ |_/_/   \_\_| \_\|_| |_____|____/ 
                                                                  

TEST STARTED: createMultipleProducts[7]
-------------------------------------------------------------------
4071 [CreateProductDataDrivenTest-3-thread-8] INFO net.serenitybdd.core.Serenity - TEST NUMBER: 58
4073 [CreateProductDataDrivenTest-3-thread-2] INFO net.serenitybdd.core.Serenity - Test Suite Started: Create product data driven test
4075 [CreateProductDataDrivenTest-3-thread-2] INFO net.serenitybdd.core.Serenity - 
 _____ _____ ____ _____   ____ _____  _    ____ _____ _____ ____  
|_   _| ____/ ___|_   _| / ___|_   _|/ \  |  _ \_   _| ____|  _ \ 
  | | |  _| \___ \ | |   \___ \ | | / _ \ | |_) || | |  _| | | | |
  | | | |___ ___) || |    ___) || |/ ___ \|  _ < | | | |___| |_| |
  |_| |_____|____/ |_|   |____/ |_/_/   \_\_| \_\|_| |_____|____/ 
                                                                  

TEST STARTED: createMultipleProducts[1]
-------------------------------------------------------------------
4075 [CreateProductDataDrivenTest-3-thread-2] INFO net.serenitybdd.core.Serenity - TEST NUMBER: 59
4079 [CreateProductDataDrivenTest-3-thread-9] INFO net.serenitybdd.core.Serenity - Test Suite Started: Create product data driven test
4080 [CreateProductDataDrivenTest-3-thread-9] INFO net.serenitybdd.core.Serenity - 
 _____ _____ ____ _____   ____ _____  _    ____ _____ _____ ____  
|_   _| ____/ ___|_   _| / ___|_   _|/ \  |  _ \_   _| ____|  _ \ 
  | | |  _| \___ \ | |   \___ \ | | / _ \ | |_) || | |  _| | | | |
  | | | |___ ___) || |    ___) || |/ ___ \|  _ < | | | |___| |_| |
  |_| |_____|____/ |_|   |____/ |_/_/   \_\_| \_\|_| |_____|____/ 
                                                                  

TEST STARTED: createMultipleProducts[8]
-------------------------------------------------------------------
4080 [CreateProductDataDrivenTest-3-thread-9] INFO net.serenitybdd.core.Serenity - TEST NUMBER: 60
4082 [CreateProductDataDrivenTest-3-thread-25] INFO net.serenitybdd.core.Serenity - Test Suite Started: Create product data driven test
4083 [CreateProductDataDrivenTest-3-thread-25] INFO net.serenitybdd.core.Serenity - 
 _____ _____ ____ _____   ____ _____  _    ____ _____ _____ ____  
|_   _| ____/ ___|_   _| / ___|_   _|/ \  |  _ \_   _| ____|  _ \ 
  | | |  _| \___ \ | |   \___ \ | | / _ \ | |_) || | |  _| | | | |
  | | | |___ ___) || |    ___) || |/ ___ \|  _ < | | | |___| |_| |
  |_| |_____|____/ |_|   |____/ |_/_/   \_\_| \_\|_| |_____|____/ 
                                                                  

TEST STARTED: createMultipleProducts[24]
-------------------------------------------------------------------
4083 [CreateProductDataDrivenTest-3-thread-25] INFO net.serenitybdd.core.Serenity - TEST NUMBER: 61
4086 [CreateProductDataDrivenTest-3-thread-39] INFO net.serenitybdd.core.Serenity - Test Suite Started: Create product data driven test
4087 [CreateProductDataDrivenTest-3-thread-39] INFO net.serenitybdd.core.Serenity - 
 _____ _____ ____ _____   ____ _____  _    ____ _____ _____ ____  
|_   _| ____/ ___|_   _| / ___|_   _|/ \  |  _ \_   _| ____|  _ \ 
  | | |  _| \___ \ | |   \___ \ | | / _ \ | |_) || | |  _| | | | |
  | | | |___ ___) || |    ___) || |/ ___ \|  _ < | | | |___| |_| |
  |_| |_____|____/ |_|   |____/ |_/_/   \_\_| \_\|_| |_____|____/ 
                                                                  

TEST STARTED: createMultipleProducts[38]
-------------------------------------------------------------------
4087 [CreateProductDataDrivenTest-3-thread-39] INFO net.serenitybdd.core.Serenity - TEST NUMBER: 62
4088 [CreateProductDataDrivenTest-3-thread-51] INFO net.serenitybdd.core.Serenity - Test Suite Started: Create product data driven test
4089 [CreateProductDataDrivenTest-3-thread-51] INFO net.serenitybdd.core.Serenity - 
 _____ _____ ____ _____   ____ _____  _    ____ _____ _____ ____  
|_   _| ____/ ___|_   _| / ___|_   _|/ \  |  _ \_   _| ____|  _ \ 
  | | |  _| \___ \ | |   \___ \ | | / _ \ | |_) || | |  _| | | | |
  | | | |___ ___) || |    ___) || |/ ___ \|  _ < | | | |___| |_| |
  |_| |_____|____/ |_|   |____/ |_/_/   \_\_| \_\|_| |_____|____/ 
                                                                  

TEST STARTED: createMultipleProducts[50]
-------------------------------------------------------------------
4089 [CreateProductDataDrivenTest-3-thread-51] INFO net.serenitybdd.core.Serenity - TEST NUMBER: 63
4094 [CreateProductDataDrivenTest-3-thread-50] INFO net.serenitybdd.core.Serenity - Test Suite Started: Create product data driven test
4095 [CreateProductDataDrivenTest-3-thread-50] INFO net.serenitybdd.core.Serenity - 
 _____ _____ ____ _____   ____ _____  _    ____ _____ _____ ____  
|_   _| ____/ ___|_   _| / ___|_   _|/ \  |  _ \_   _| ____|  _ \ 
  | | |  _| \___ \ | |   \___ \ | | / _ \ | |_) || | |  _| | | | |
  | | | |___ ___) || |    ___) || |/ ___ \|  _ < | | | |___| |_| |
  |_| |_____|____/ |_|   |____/ |_/_/   \_\_| \_\|_| |_____|____/ 
                                                                  

TEST STARTED: createMultipleProducts[49]
-------------------------------------------------------------------
4096 [CreateProductDataDrivenTest-3-thread-50] INFO net.serenitybdd.core.Serenity - TEST NUMBER: 64
]]></system-err>
  </testcase>
  <testcase name="createMultipleProducts[60]" classname="com.bestbuy.productinfo.CreateProductDataDrivenTest" time="16.643">
    <failure message="1 expectation failed.&#10;Expected status code &lt;201&gt; but was &lt;400&gt;.&#10;" type="java.lang.AssertionError"><![CDATA[java.lang.AssertionError: 1 expectation failed.
Expected status code <201> but was <400>.

	at sun.reflect.NativeConstructorAccessorImpl.newInstance0(Native Method)
	at sun.reflect.NativeConstructorAccessorImpl.newInstance(NativeConstructorAccessorImpl.java:62)
	at sun.reflect.DelegatingConstructorAccessorImpl.newInstance(DelegatingConstructorAccessorImpl.java:45)
	at java.lang.reflect.Constructor.newInstance(Constructor.java:423)
	at org.codehaus.groovy.reflection.CachedConstructor.invoke(CachedConstructor.java:83)
	at org.codehaus.groovy.reflection.CachedConstructor.doConstructorInvoke(CachedConstructor.java:77)
	at org.codehaus.groovy.runtime.callsite.ConstructorSite$ConstructorSiteNoUnwrap.callConstructor(ConstructorSite.java:84)
	at org.codehaus.groovy.runtime.callsite.AbstractCallSite.callConstructor(AbstractCallSite.java:247)
	at io.restassured.internal.ResponseSpecificationImpl$HamcrestAssertionClosure.validate(ResponseSpecificationImpl.groovy:471)
	at io.restassured.internal.ResponseSpecificationImpl$HamcrestAssertionClosure$validate$3.call(Unknown Source)
	at io.restassured.internal.ResponseSpecificationImpl.validateResponseIfRequired(ResponseSpecificationImpl.groovy:636)
	at sun.reflect.NativeMethodAccessorImpl.invoke0(Native Method)
	at sun.reflect.NativeMethodAccessorImpl.invoke(NativeMethodAccessorImpl.java:62)
	at sun.reflect.DelegatingMethodAccessorImpl.invoke(DelegatingMethodAccessorImpl.java:43)
	at java.lang.reflect.Method.invoke(Method.java:498)
	at org.codehaus.groovy.runtime.callsite.PogoMetaMethodSite$PogoCachedMethodSiteNoUnwrapNoCoerce.invoke(PogoMetaMethodSite.java:210)
	at org.codehaus.groovy.runtime.callsite.PogoMetaMethodSite.callCurrent(PogoMetaMethodSite.java:59)
	at org.codehaus.groovy.runtime.callsite.AbstractCallSite.callCurrent(AbstractCallSite.java:166)
	at io.restassured.internal.ResponseSpecificationImpl.statusCode(ResponseSpecificationImpl.groovy:122)
	at io.restassured.specification.ResponseSpecification$statusCode$4.callCurrent(Unknown Source)
	at io.restassured.internal.ResponseSpecificationImpl.statusCode(ResponseSpecificationImpl.groovy:130)
	at io.restassured.internal.ValidatableResponseOptionsImpl.statusCode(ValidatableResponseOptionsImpl.java:117)
	at com.bestbuy.productinfo.CreateProductDataDrivenTest.createMultipleProducts(CreateProductDataDrivenTest.java:31)
]]></failure>
  </testcase>
  <testcase name="createMultipleProducts[48]" classname="com.bestbuy.productinfo.CreateProductDataDrivenTest" time="16.643">
    <failure message="1 expectation failed.&#10;Expected status code &lt;201&gt; but was &lt;400&gt;.&#10;" type="java.lang.AssertionError"><![CDATA[java.lang.AssertionError: 1 expectation failed.
Expected status code <201> but was <400>.

	at sun.reflect.NativeConstructorAccessorImpl.newInstance0(Native Method)
	at sun.reflect.NativeConstructorAccessorImpl.newInstance(NativeConstructorAccessorImpl.java:62)
	at sun.reflect.DelegatingConstructorAccessorImpl.newInstance(DelegatingConstructorAccessorImpl.java:45)
	at java.lang.reflect.Constructor.newInstance(Constructor.java:423)
	at org.codehaus.groovy.reflection.CachedConstructor.invoke(CachedConstructor.java:83)
	at org.codehaus.groovy.reflection.CachedConstructor.doConstructorInvoke(CachedConstructor.java:77)
	at org.codehaus.groovy.runtime.callsite.ConstructorSite$ConstructorSiteNoUnwrap.callConstructor(ConstructorSite.java:84)
	at org.codehaus.groovy.runtime.callsite.CallSiteArray.defaultCallConstructor(CallSiteArray.java:60)
	at org.codehaus.groovy.runtime.callsite.AbstractCallSite.callConstructor(AbstractCallSite.java:235)
	at org.codehaus.groovy.runtime.callsite.AbstractCallSite.callConstructor(AbstractCallSite.java:247)
	at io.restassured.internal.ResponseSpecificationImpl$HamcrestAssertionClosure.validate(ResponseSpecificationImpl.groovy:471)
	at io.restassured.internal.ResponseSpecificationImpl$HamcrestAssertionClosure$validate$3.call(Unknown Source)
	at io.restassured.internal.ResponseSpecificationImpl.validateResponseIfRequired(ResponseSpecificationImpl.groovy:636)
	at sun.reflect.NativeMethodAccessorImpl.invoke0(Native Method)
	at sun.reflect.NativeMethodAccessorImpl.invoke(NativeMethodAccessorImpl.java:62)
	at sun.reflect.DelegatingMethodAccessorImpl.invoke(DelegatingMethodAccessorImpl.java:43)
	at java.lang.reflect.Method.invoke(Method.java:498)
	at org.codehaus.groovy.runtime.callsite.PogoMetaMethodSite$PogoCachedMethodSiteNoUnwrapNoCoerce.invoke(PogoMetaMethodSite.java:210)
	at org.codehaus.groovy.runtime.callsite.PogoMetaMethodSite.callCurrent(PogoMetaMethodSite.java:59)
	at org.codehaus.groovy.runtime.callsite.CallSiteArray.defaultCallCurrent(CallSiteArray.java:52)
	at org.codehaus.groovy.runtime.callsite.AbstractCallSite.callCurrent(AbstractCallSite.java:154)
	at org.codehaus.groovy.runtime.callsite.AbstractCallSite.callCurrent(AbstractCallSite.java:166)
	at io.restassured.internal.ResponseSpecificationImpl.statusCode(ResponseSpecificationImpl.groovy:122)
	at io.restassured.specification.ResponseSpecification$statusCode$1.callCurrent(Unknown Source)
	at org.codehaus.groovy.runtime.callsite.CallSiteArray.defaultCallCurrent(CallSiteArray.java:52)
	at org.codehaus.groovy.runtime.callsite.AbstractCallSite.callCurrent(AbstractCallSite.java:154)
	at org.codehaus.groovy.runtime.callsite.AbstractCallSite.callCurrent(AbstractCallSite.java:166)
	at io.restassured.internal.ResponseSpecificationImpl.statusCode(ResponseSpecificationImpl.groovy:130)
	at io.restassured.internal.ValidatableResponseOptionsImpl.statusCode(ValidatableResponseOptionsImpl.java:117)
	at com.bestbuy.productinfo.CreateProductDataDrivenTest.createMultipleProducts(CreateProductDataDrivenTest.java:31)
]]></failure>
  </testcase>
  <testcase name="createMultipleProducts[42]" classname="com.bestbuy.productinfo.CreateProductDataDrivenTest" time="16.659">
    <failure message="1 expectation failed.&#10;Expected status code &lt;201&gt; but was &lt;400&gt;.&#10;" type="java.lang.AssertionError"><![CDATA[java.lang.AssertionError: 1 expectation failed.
Expected status code <201> but was <400>.

	at sun.reflect.NativeConstructorAccessorImpl.newInstance0(Native Method)
	at sun.reflect.NativeConstructorAccessorImpl.newInstance(NativeConstructorAccessorImpl.java:62)
	at sun.reflect.DelegatingConstructorAccessorImpl.newInstance(DelegatingConstructorAccessorImpl.java:45)
	at java.lang.reflect.Constructor.newInstance(Constructor.java:423)
	at org.codehaus.groovy.reflection.CachedConstructor.invoke(CachedConstructor.java:83)
	at org.codehaus.groovy.reflection.CachedConstructor.doConstructorInvoke(CachedConstructor.java:77)
	at org.codehaus.groovy.runtime.callsite.ConstructorSite$ConstructorSiteNoUnwrap.callConstructor(ConstructorSite.java:84)
	at org.codehaus.groovy.runtime.callsite.CallSiteArray.defaultCallConstructor(CallSiteArray.java:60)
	at org.codehaus.groovy.runtime.callsite.AbstractCallSite.callConstructor(AbstractCallSite.java:235)
	at org.codehaus.groovy.runtime.callsite.AbstractCallSite.callConstructor(AbstractCallSite.java:247)
	at io.restassured.internal.ResponseSpecificationImpl$HamcrestAssertionClosure.validate(ResponseSpecificationImpl.groovy:471)
	at io.restassured.internal.ResponseSpecificationImpl$HamcrestAssertionClosure$validate$3.call(Unknown Source)
	at io.restassured.internal.ResponseSpecificationImpl.validateResponseIfRequired(ResponseSpecificationImpl.groovy:636)
	at sun.reflect.NativeMethodAccessorImpl.invoke0(Native Method)
	at sun.reflect.NativeMethodAccessorImpl.invoke(NativeMethodAccessorImpl.java:62)
	at sun.reflect.DelegatingMethodAccessorImpl.invoke(DelegatingMethodAccessorImpl.java:43)
	at java.lang.reflect.Method.invoke(Method.java:498)
	at org.codehaus.groovy.runtime.callsite.PogoMetaMethodSite$PogoCachedMethodSiteNoUnwrapNoCoerce.invoke(PogoMetaMethodSite.java:210)
	at org.codehaus.groovy.runtime.callsite.PogoMetaMethodSite.callCurrent(PogoMetaMethodSite.java:59)
	at org.codehaus.groovy.runtime.callsite.AbstractCallSite.callCurrent(AbstractCallSite.java:166)
	at io.restassured.internal.ResponseSpecificationImpl.statusCode(ResponseSpecificationImpl.groovy:122)
	at io.restassured.specification.ResponseSpecification$statusCode$4.callCurrent(Unknown Source)
	at io.restassured.internal.ResponseSpecificationImpl.statusCode(ResponseSpecificationImpl.groovy:130)
	at io.restassured.internal.ValidatableResponseOptionsImpl.statusCode(ValidatableResponseOptionsImpl.java:117)
	at com.bestbuy.productinfo.CreateProductDataDrivenTest.createMultipleProducts(CreateProductDataDrivenTest.java:31)
]]></failure>
  </testcase>
  <testcase name="createMultipleProducts[35]" classname="com.bestbuy.productinfo.CreateProductDataDrivenTest" time="16.661">
    <failure message="1 expectation failed.&#10;Expected status code &lt;201&gt; but was &lt;400&gt;.&#10;" type="java.lang.AssertionError"><![CDATA[java.lang.AssertionError: 1 expectation failed.
Expected status code <201> but was <400>.

	at sun.reflect.NativeConstructorAccessorImpl.newInstance0(Native Method)
	at sun.reflect.NativeConstructorAccessorImpl.newInstance(NativeConstructorAccessorImpl.java:62)
	at sun.reflect.DelegatingConstructorAccessorImpl.newInstance(DelegatingConstructorAccessorImpl.java:45)
	at java.lang.reflect.Constructor.newInstance(Constructor.java:423)
	at org.codehaus.groovy.reflection.CachedConstructor.invoke(CachedConstructor.java:83)
	at org.codehaus.groovy.reflection.CachedConstructor.doConstructorInvoke(CachedConstructor.java:77)
	at org.codehaus.groovy.runtime.callsite.ConstructorSite$ConstructorSiteNoUnwrap.callConstructor(ConstructorSite.java:84)
	at org.codehaus.groovy.runtime.callsite.CallSiteArray.defaultCallConstructor(CallSiteArray.java:60)
	at org.codehaus.groovy.runtime.callsite.AbstractCallSite.callConstructor(AbstractCallSite.java:235)
	at org.codehaus.groovy.runtime.callsite.AbstractCallSite.callConstructor(AbstractCallSite.java:247)
	at io.restassured.internal.ResponseSpecificationImpl$HamcrestAssertionClosure.validate(ResponseSpecificationImpl.groovy:471)
	at io.restassured.internal.ResponseSpecificationImpl$HamcrestAssertionClosure$validate$3.call(Unknown Source)
	at org.codehaus.groovy.runtime.callsite.CallSiteArray.defaultCall(CallSiteArray.java:48)
	at org.codehaus.groovy.runtime.callsite.AbstractCallSite.call(AbstractCallSite.java:113)
	at org.codehaus.groovy.runtime.callsite.AbstractCallSite.call(AbstractCallSite.java:125)
	at io.restassured.internal.ResponseSpecificationImpl.validateResponseIfRequired(ResponseSpecificationImpl.groovy:636)
	at sun.reflect.NativeMethodAccessorImpl.invoke0(Native Method)
	at sun.reflect.NativeMethodAccessorImpl.invoke(NativeMethodAccessorImpl.java:62)
	at sun.reflect.DelegatingMethodAccessorImpl.invoke(DelegatingMethodAccessorImpl.java:43)
	at java.lang.reflect.Method.invoke(Method.java:498)
	at org.codehaus.groovy.runtime.callsite.PogoMetaMethodSite$PogoCachedMethodSiteNoUnwrapNoCoerce.invoke(PogoMetaMethodSite.java:210)
	at org.codehaus.groovy.runtime.callsite.PogoMetaMethodSite.callCurrent(PogoMetaMethodSite.java:59)
	at org.codehaus.groovy.runtime.callsite.AbstractCallSite.callCurrent(AbstractCallSite.java:166)
	at org.codehaus.groovy.runtime.callsite.AbstractCallSite.callCurrent(AbstractCallSite.java:164)
	at io.restassured.internal.ResponseSpecificationImpl.statusCode(ResponseSpecificationImpl.groovy:122)
	at io.restassured.specification.ResponseSpecification$statusCode$3.callCurrent(Unknown Source)
	at org.codehaus.groovy.runtime.callsite.CallSiteArray.defaultCallCurrent(CallSiteArray.java:52)
	at org.codehaus.groovy.runtime.callsite.AbstractCallSite.callCurrent(AbstractCallSite.java:154)
	at org.codehaus.groovy.runtime.callsite.AbstractCallSite.callCurrent(AbstractCallSite.java:166)
	at io.restassured.internal.ResponseSpecificationImpl.statusCode(ResponseSpecificationImpl.groovy:130)
	at io.restassured.internal.ValidatableResponseOptionsImpl.statusCode(ValidatableResponseOptionsImpl.java:117)
	at com.bestbuy.productinfo.CreateProductDataDrivenTest.createMultipleProducts(CreateProductDataDrivenTest.java:31)
]]></failure>
  </testcase>
  <testcase name="createMultipleProducts[9]" classname="com.bestbuy.productinfo.CreateProductDataDrivenTest" time="16.664">
    <failure message="1 expectation failed.&#10;Expected status code &lt;201&gt; but was &lt;400&gt;.&#10;" type="java.lang.AssertionError"><![CDATA[java.lang.AssertionError: 1 expectation failed.
Expected status code <201> but was <400>.

	at sun.reflect.NativeConstructorAccessorImpl.newInstance0(Native Method)
	at sun.reflect.NativeConstructorAccessorImpl.newInstance(NativeConstructorAccessorImpl.java:62)
	at sun.reflect.DelegatingConstructorAccessorImpl.newInstance(DelegatingConstructorAccessorImpl.java:45)
	at java.lang.reflect.Constructor.newInstance(Constructor.java:423)
	at org.codehaus.groovy.reflection.CachedConstructor.invoke(CachedConstructor.java:83)
	at org.codehaus.groovy.reflection.CachedConstructor.doConstructorInvoke(CachedConstructor.java:77)
	at org.codehaus.groovy.runtime.callsite.ConstructorSite$ConstructorSiteNoUnwrap.callConstructor(ConstructorSite.java:84)
	at org.codehaus.groovy.runtime.callsite.CallSiteArray.defaultCallConstructor(CallSiteArray.java:60)
	at org.codehaus.groovy.runtime.callsite.AbstractCallSite.callConstructor(AbstractCallSite.java:235)
	at org.codehaus.groovy.runtime.callsite.AbstractCallSite.callConstructor(AbstractCallSite.java:247)
	at io.restassured.internal.ResponseSpecificationImpl$HamcrestAssertionClosure.validate(ResponseSpecificationImpl.groovy:471)
	at io.restassured.internal.ResponseSpecificationImpl$HamcrestAssertionClosure$validate$3.call(Unknown Source)
	at io.restassured.internal.ResponseSpecificationImpl.validateResponseIfRequired(ResponseSpecificationImpl.groovy:636)
	at sun.reflect.NativeMethodAccessorImpl.invoke0(Native Method)
	at sun.reflect.NativeMethodAccessorImpl.invoke(NativeMethodAccessorImpl.java:62)
	at sun.reflect.DelegatingMethodAccessorImpl.invoke(DelegatingMethodAccessorImpl.java:43)
	at java.lang.reflect.Method.invoke(Method.java:498)
	at org.codehaus.groovy.runtime.callsite.PogoMetaMethodSite$PogoCachedMethodSiteNoUnwrapNoCoerce.invoke(PogoMetaMethodSite.java:210)
	at org.codehaus.groovy.runtime.callsite.PogoMetaMethodSite.callCurrent(PogoMetaMethodSite.java:59)
	at org.codehaus.groovy.runtime.callsite.AbstractCallSite.callCurrent(AbstractCallSite.java:166)
	at org.codehaus.groovy.runtime.callsite.AbstractCallSite.callCurrent(AbstractCallSite.java:164)
	at io.restassured.internal.ResponseSpecificationImpl.statusCode(ResponseSpecificationImpl.groovy:122)
	at io.restassured.specification.ResponseSpecification$statusCode$2.callCurrent(Unknown Source)
	at org.codehaus.groovy.runtime.callsite.CallSiteArray.defaultCallCurrent(CallSiteArray.java:52)
	at org.codehaus.groovy.runtime.callsite.AbstractCallSite.callCurrent(AbstractCallSite.java:154)
	at org.codehaus.groovy.runtime.callsite.AbstractCallSite.callCurrent(AbstractCallSite.java:166)
	at io.restassured.internal.ResponseSpecificationImpl.statusCode(ResponseSpecificationImpl.groovy:130)
	at io.restassured.internal.ValidatableResponseOptionsImpl.statusCode(ValidatableResponseOptionsImpl.java:117)
	at com.bestbuy.productinfo.CreateProductDataDrivenTest.createMultipleProducts(CreateProductDataDrivenTest.java:31)
]]></failure>
  </testcase>
  <testcase name="createMultipleProducts[46]" classname="com.bestbuy.productinfo.CreateProductDataDrivenTest" time="16.664">
    <failure message="1 expectation failed.&#10;Expected status code &lt;201&gt; but was &lt;400&gt;.&#10;" type="java.lang.AssertionError"><![CDATA[java.lang.AssertionError: 1 expectation failed.
Expected status code <201> but was <400>.

	at sun.reflect.NativeConstructorAccessorImpl.newInstance0(Native Method)
	at sun.reflect.NativeConstructorAccessorImpl.newInstance(NativeConstructorAccessorImpl.java:62)
	at sun.reflect.DelegatingConstructorAccessorImpl.newInstance(DelegatingConstructorAccessorImpl.java:45)
	at java.lang.reflect.Constructor.newInstance(Constructor.java:423)
	at org.codehaus.groovy.reflection.CachedConstructor.invoke(CachedConstructor.java:83)
	at org.codehaus.groovy.reflection.CachedConstructor.doConstructorInvoke(CachedConstructor.java:77)
	at org.codehaus.groovy.runtime.callsite.ConstructorSite$ConstructorSiteNoUnwrap.callConstructor(ConstructorSite.java:84)
	at org.codehaus.groovy.runtime.callsite.AbstractCallSite.callConstructor(AbstractCallSite.java:247)
	at io.restassured.internal.ResponseSpecificationImpl$HamcrestAssertionClosure.validate(ResponseSpecificationImpl.groovy:471)
	at io.restassured.internal.ResponseSpecificationImpl$HamcrestAssertionClosure$validate$3.call(Unknown Source)
	at io.restassured.internal.ResponseSpecificationImpl.validateResponseIfRequired(ResponseSpecificationImpl.groovy:636)
	at sun.reflect.NativeMethodAccessorImpl.invoke0(Native Method)
	at sun.reflect.NativeMethodAccessorImpl.invoke(NativeMethodAccessorImpl.java:62)
	at sun.reflect.DelegatingMethodAccessorImpl.invoke(DelegatingMethodAccessorImpl.java:43)
	at java.lang.reflect.Method.invoke(Method.java:498)
	at org.codehaus.groovy.runtime.callsite.PogoMetaMethodSite$PogoCachedMethodSiteNoUnwrapNoCoerce.invoke(PogoMetaMethodSite.java:210)
	at org.codehaus.groovy.runtime.callsite.PogoMetaMethodSite.callCurrent(PogoMetaMethodSite.java:59)
	at org.codehaus.groovy.runtime.callsite.AbstractCallSite.callCurrent(AbstractCallSite.java:166)
	at io.restassured.internal.ResponseSpecificationImpl.statusCode(ResponseSpecificationImpl.groovy:122)
	at io.restassured.specification.ResponseSpecification$statusCode$4.callCurrent(Unknown Source)
	at io.restassured.internal.ResponseSpecificationImpl.statusCode(ResponseSpecificationImpl.groovy:130)
	at io.restassured.internal.ValidatableResponseOptionsImpl.statusCode(ValidatableResponseOptionsImpl.java:117)
	at com.bestbuy.productinfo.CreateProductDataDrivenTest.createMultipleProducts(CreateProductDataDrivenTest.java:31)
]]></failure>
  </testcase>
  <testcase name="createMultipleProducts[63]" classname="com.bestbuy.productinfo.CreateProductDataDrivenTest" time="16.666">
    <failure message="1 expectation failed.&#10;Expected status code &lt;201&gt; but was &lt;400&gt;.&#10;" type="java.lang.AssertionError"><![CDATA[java.lang.AssertionError: 1 expectation failed.
Expected status code <201> but was <400>.

	at sun.reflect.NativeConstructorAccessorImpl.newInstance0(Native Method)
	at sun.reflect.NativeConstructorAccessorImpl.newInstance(NativeConstructorAccessorImpl.java:62)
	at sun.reflect.DelegatingConstructorAccessorImpl.newInstance(DelegatingConstructorAccessorImpl.java:45)
	at java.lang.reflect.Constructor.newInstance(Constructor.java:423)
	at org.codehaus.groovy.reflection.CachedConstructor.invoke(CachedConstructor.java:83)
	at org.codehaus.groovy.reflection.CachedConstructor.doConstructorInvoke(CachedConstructor.java:77)
	at org.codehaus.groovy.runtime.callsite.ConstructorSite$ConstructorSiteNoUnwrap.callConstructor(ConstructorSite.java:84)
	at org.codehaus.groovy.runtime.callsite.CallSiteArray.defaultCallConstructor(CallSiteArray.java:60)
	at org.codehaus.groovy.runtime.callsite.AbstractCallSite.callConstructor(AbstractCallSite.java:235)
	at org.codehaus.groovy.runtime.callsite.AbstractCallSite.callConstructor(AbstractCallSite.java:247)
	at io.restassured.internal.ResponseSpecificationImpl$HamcrestAssertionClosure.validate(ResponseSpecificationImpl.groovy:471)
	at io.restassured.internal.ResponseSpecificationImpl$HamcrestAssertionClosure$validate$3.call(Unknown Source)
	at io.restassured.internal.ResponseSpecificationImpl.validateResponseIfRequired(ResponseSpecificationImpl.groovy:636)
	at sun.reflect.NativeMethodAccessorImpl.invoke0(Native Method)
	at sun.reflect.NativeMethodAccessorImpl.invoke(NativeMethodAccessorImpl.java:62)
	at sun.reflect.DelegatingMethodAccessorImpl.invoke(DelegatingMethodAccessorImpl.java:43)
	at java.lang.reflect.Method.invoke(Method.java:498)
	at org.codehaus.groovy.runtime.callsite.PogoMetaMethodSite$PogoCachedMethodSiteNoUnwrapNoCoerce.invoke(PogoMetaMethodSite.java:210)
	at org.codehaus.groovy.runtime.callsite.PogoMetaMethodSite.callCurrent(PogoMetaMethodSite.java:59)
	at org.codehaus.groovy.runtime.callsite.AbstractCallSite.callCurrent(AbstractCallSite.java:166)
	at org.codehaus.groovy.runtime.callsite.AbstractCallSite.callCurrent(AbstractCallSite.java:164)
	at io.restassured.internal.ResponseSpecificationImpl.statusCode(ResponseSpecificationImpl.groovy:122)
	at io.restassured.specification.ResponseSpecification$statusCode$4.callCurrent(Unknown Source)
	at org.codehaus.groovy.runtime.callsite.CallSiteArray.defaultCallCurrent(CallSiteArray.java:52)
	at org.codehaus.groovy.runtime.callsite.AbstractCallSite.callCurrent(AbstractCallSite.java:154)
	at org.codehaus.groovy.runtime.callsite.AbstractCallSite.callCurrent(AbstractCallSite.java:166)
	at io.restassured.internal.ResponseSpecificationImpl.statusCode(ResponseSpecificationImpl.groovy:130)
	at io.restassured.internal.ValidatableResponseOptionsImpl.statusCode(ValidatableResponseOptionsImpl.java:117)
	at com.bestbuy.productinfo.CreateProductDataDrivenTest.createMultipleProducts(CreateProductDataDrivenTest.java:31)
]]></failure>
  </testcase>
  <testcase name="createMultipleProducts[56]" classname="com.bestbuy.productinfo.CreateProductDataDrivenTest" time="16.674">
    <failure message="1 expectation failed.&#10;Expected status code &lt;201&gt; but was &lt;400&gt;.&#10;" type="java.lang.AssertionError"><![CDATA[java.lang.AssertionError: 1 expectation failed.
Expected status code <201> but was <400>.

	at sun.reflect.NativeConstructorAccessorImpl.newInstance0(Native Method)
	at sun.reflect.NativeConstructorAccessorImpl.newInstance(NativeConstructorAccessorImpl.java:62)
[...]
	at sun.reflect.GeneratedMethodAccessor456.invoke(Unknown Source)
	at sun.reflect.DelegatingMethodAccessorImpl.invoke(DelegatingMethodAccessorImpl.java:43)
	at java.lang.reflect.Method.invoke(Method.java:498)
	at org.codehaus.groovy.runtime.callsite.PogoMetaMethodSite$PogoCachedMethodSiteNoUnwrapNoCoerce.invoke(PogoMetaMethodSite.java:210)
	at org.codehaus.groovy.runtime.callsite.PogoMetaMethodSite.callCurrent(PogoMetaMethodSite.java:59)
	at org.codehaus.groovy.runtime.callsite.AbstractCallSite.callCurrent(AbstractCallSite.java:166)
	at io.restassured.internal.ResponseSpecificationImpl.statusCode(ResponseSpecificationImpl.groovy:122)
	at io.restassured.specification.ResponseSpecification$statusCode$4.callCurrent(Unknown Source)
	at io.restassured.internal.ResponseSpecificationImpl.statusCode(ResponseSpecificationImpl.groovy:130)
	at io.restassured.internal.ValidatableResponseOptionsImpl.statusCode(ValidatableResponseOptionsImpl.java:117)
	at com.bestbuy.productinfo.CreateProductDataDrivenTest.createMultipleProducts(CreateProductDataDrivenTest.java:31)
]]></failure>
    <system-err><![CDATA[25084 [CreateProductDataDrivenTest-3-thread-54] ERROR net.serenitybdd.core.Serenity - 
           __  _____ _____ ____ _____   _____ _    ___ _     _____ ____  
  _       / / |_   _| ____/ ___|_   _| |  ___/ \  |_ _| |   | ____|  _ \ 
 (_)_____| |    | | |  _| \___ \ | |   | |_ / _ \  | || |   |  _| | | | |
  _|_____| |    | | | |___ ___) || |   |  _/ ___ \ | || |___| |___| |_| |
 (_)     | |    |_| |_____|____/ |_|   |_|/_/   \_\___|_____|_____|____/ 
          \_\                                                            

TEST FAILED: Data Driven Test for adding multiple products to the application
--------------------------------------------------------------------------
25084 [CreateProductDataDrivenTest-3-thread-54] ERROR net.serenitybdd.core.Serenity - 1 expectation failed.Expected status code <201> but was <400>.
]]></system-err>
  </testcase>
  <testcase name="createMultipleProducts[96]" classname="com.bestbuy.productinfo.CreateProductDataDrivenTest" time="2.248">
    <failure message="1 expectation failed.&#10;Expected status code &lt;201&gt; but was &lt;400&gt;.&#10;" type="java.lang.AssertionError"><![CDATA[java.lang.AssertionError: 1 expectation failed.
Expected status code <201> but was <400>.

	at sun.reflect.GeneratedConstructorAccessor413.newInstance(Unknown Source)
	at sun.reflect.DelegatingConstructorAccessorImpl.newInstance(DelegatingConstructorAccessorImpl.java:45)
	at java.lang.reflect.Constructor.newInstance(Constructor.java:423)
	at org.codehaus.groovy.reflection.CachedConstructor.invoke(CachedConstructor.java:83)
	at org.codehaus.groovy.reflection.CachedConstructor.doConstructorInvoke(CachedConstructor.java:77)
	at org.codehaus.groovy.runtime.callsite.ConstructorSite$ConstructorSiteNoUnwrap.callConstructor(ConstructorSite.java:84)
	at org.codehaus.groovy.runtime.callsite.AbstractCallSite.callConstructor(AbstractCallSite.java:247)
	at io.restassured.internal.ResponseSpecificationImpl$HamcrestAssertionClosure.validate(ResponseSpecificationImpl.groovy:471)
	at io.restassured.internal.ResponseSpecificationImpl$HamcrestAssertionClosure$validate$3.call(Unknown Source)
	at io.restassured.internal.ResponseSpecificationImpl.validateResponseIfRequired(ResponseSpecificationImpl.groovy:636)
	at sun.reflect.GeneratedMethodAccessor456.invoke(Unknown Source)
	at sun.reflect.DelegatingMethodAccessorImpl.invoke(DelegatingMethodAccessorImpl.java:43)
	at java.lang.reflect.Method.invoke(Method.java:498)
	at org.codehaus.groovy.runtime.callsite.PogoMetaMethodSite$PogoCachedMethodSiteNoUnwrapNoCoerce.invoke(PogoMetaMethodSite.java:210)
	at org.codehaus.groovy.runtime.callsite.PogoMetaMethodSite.callCurrent(PogoMetaMethodSite.java:59)
	at org.codehaus.groovy.runtime.callsite.AbstractCallSite.callCurrent(AbstractCallSite.java:166)
	at io.restassured.internal.ResponseSpecificationImpl.statusCode(ResponseSpecificationImpl.groovy:122)
	at io.restassured.specification.ResponseSpecification$statusCode$4.callCurrent(Unknown Source)
	at io.restassured.internal.ResponseSpecificationImpl.statusCode(ResponseSpecificationImpl.groovy:130)
	at io.restassured.internal.ValidatableResponseOptionsImpl.statusCode(ValidatableResponseOptionsImpl.java:117)
	at com.bestbuy.productinfo.CreateProductDataDrivenTest.createMultipleProducts(CreateProductDataDrivenTest.java:31)
]]></failure>
    <system-err><![CDATA[25107 [CreateProductDataDrivenTest-3-thread-40] ERROR net.serenitybdd.core.Serenity - 
           __  _____ _____ ____ _____   _____ _    ___ _     _____ ____  
  _       / / |_   _| ____/ ___|_   _| |  ___/ \  |_ _| |   | ____|  _ \ 
 (_)_____| |    | | |  _| \___ \ | |   | |_ / _ \  | || |   |  _| | | | |
  _|_____| |    | | | |___ ___) || |   |  _/ ___ \ | || |___| |___| |_| |
 (_)     | |    |_| |_____|____/ |_|   |_|/_/   \_\___|_____|_____|____/ 
          \_\                                                            

TEST FAILED: Data Driven Test for adding multiple products to the application
--------------------------------------------------------------------------
25107 [CreateProductDataDrivenTest-3-thread-40] ERROR net.serenitybdd.core.Serenity - 1 expectation failed.Expected status code <201> but was <400>.
]]></system-err>
  </testcase>
  <testcase name="createMultipleProducts[98]" classname="com.bestbuy.productinfo.CreateProductDataDrivenTest" time="2.287">
    <failure message="1 expectation failed.&#10;Expected status code &lt;201&gt; but was &lt;400&gt;.&#10;" type="java.lang.AssertionError"><![CDATA[java.lang.AssertionError: 1 expectation failed.
Expected status code <201> but was <400>.

	at sun.reflect.GeneratedConstructorAccessor413.newInstance(Unknown Source)
	at sun.reflect.DelegatingConstructorAccessorImpl.newInstance(DelegatingConstructorAccessorImpl.java:45)
	at java.lang.reflect.Constructor.newInstance(Constructor.java:423)
	at org.codehaus.groovy.reflection.CachedConstructor.invoke(CachedConstructor.java:83)
	at org.codehaus.groovy.reflection.CachedConstructor.doConstructorInvoke(CachedConstructor.java:77)
	at org.codehaus.groovy.runtime.callsite.ConstructorSite$ConstructorSiteNoUnwrap.callConstructor(ConstructorSite.java:84)
	at org.codehaus.groovy.runtime.callsite.AbstractCallSite.callConstructor(AbstractCallSite.java:247)
	at io.restassured.internal.ResponseSpecificationImpl$HamcrestAssertionClosure.validate(ResponseSpecificationImpl.groovy:471)
	at io.restassured.internal.ResponseSpecificationImpl$HamcrestAssertionClosure$validate$3.call(Unknown Source)
	at io.restassured.internal.ResponseSpecificationImpl.validateResponseIfRequired(ResponseSpecificationImpl.groovy:636)
	at sun.reflect.GeneratedMethodAccessor456.invoke(Unknown Source)
	at sun.reflect.DelegatingMethodAccessorImpl.invoke(DelegatingMethodAccessorImpl.java:43)
	at java.lang.reflect.Method.invoke(Method.java:498)
	at org.codehaus.groovy.runtime.callsite.PogoMetaMethodSite$PogoCachedMethodSiteNoUnwrapNoCoerce.invoke(PogoMetaMethodSite.java:210)
	at org.codehaus.groovy.runtime.callsite.PogoMetaMethodSite.callCurrent(PogoMetaMethodSite.java:59)
	at org.codehaus.groovy.runtime.callsite.AbstractCallSite.callCurrent(AbstractCallSite.java:166)
	at io.restassured.internal.ResponseSpecificationImpl.statusCode(ResponseSpecificationImpl.groovy:122)
	at io.restassured.specification.ResponseSpecification$statusCode$4.callCurrent(Unknown Source)
	at io.restassured.internal.ResponseSpecificationImpl.statusCode(ResponseSpecificationImpl.groovy:130)
	at io.restassured.internal.ValidatableResponseOptionsImpl.statusCode(ValidatableResponseOptionsImpl.java:117)
	at com.bestbuy.productinfo.CreateProductDataDrivenTest.createMultipleProducts(CreateProductDataDrivenTest.java:31)
]]></failure>
    <system-err><![CDATA[25156 [CreateProductDataDrivenTest-3-thread-27] ERROR net.serenitybdd.core.Serenity - 
           __  _____ _____ ____ _____   _____ _    ___ _     _____ ____  
  _       / / |_   _| ____/ ___|_   _| |  ___/ \  |_ _| |   | ____|  _ \ 
 (_)_____| |    | | |  _| \___ \ | |   | |_ / _ \  | || |   |  _| | | | |
  _|_____| |    | | | |___ ___) || |   |  _/ ___ \ | || |___| |___| |_| |
 (_)     | |    |_| |_____|____/ |_|   |_|/_/   \_\___|_____|_____|____/ 
          \_\                                                            

TEST FAILED: Data Driven Test for adding multiple products to the application
--------------------------------------------------------------------------
25156 [CreateProductDataDrivenTest-3-thread-27] ERROR net.serenitybdd.core.Serenity - 1 expectation failed.Expected status code <201> but was <400>.
]]></system-err>
  </testcase>
  <testcase name="createMultipleProducts[99]" classname="com.bestbuy.productinfo.CreateProductDataDrivenTest" time="2.307">
    <failure message="1 expectation failed.&#10;Expected status code &lt;201&gt; but was &lt;400&gt;.&#10;" type="java.lang.AssertionError"><![CDATA[java.lang.AssertionError: 1 expectation failed.
Expected status code <201> but was <400>.

	at sun.reflect.GeneratedConstructorAccessor413.newInstance(Unknown Source)
	at sun.reflect.DelegatingConstructorAccessorImpl.newInstance(DelegatingConstructorAccessorImpl.java:45)
	at java.lang.reflect.Constructor.newInstance(Constructor.java:423)
	at org.codehaus.groovy.reflection.CachedConstructor.invoke(CachedConstructor.java:83)
	at org.codehaus.groovy.reflection.CachedConstructor.doConstructorInvoke(CachedConstructor.java:77)
	at org.codehaus.groovy.runtime.callsite.ConstructorSite$ConstructorSiteNoUnwrap.callConstructor(ConstructorSite.java:84)
	at org.codehaus.groovy.runtime.callsite.AbstractCallSite.callConstructor(AbstractCallSite.java:247)
	at io.restassured.internal.ResponseSpecificationImpl$HamcrestAssertionClosure.validate(ResponseSpecificationImpl.groovy:471)
	at io.restassured.internal.ResponseSpecificationImpl$HamcrestAssertionClosure$validate$3.call(Unknown Source)
	at io.restassured.internal.ResponseSpecificationImpl.validateResponseIfRequired(ResponseSpecificationImpl.groovy:636)
	at sun.reflect.GeneratedMethodAccessor456.invoke(Unknown Source)
	at sun.reflect.DelegatingMethodAccessorImpl.invoke(DelegatingMethodAccessorImpl.java:43)
	at java.lang.reflect.Method.invoke(Method.java:498)
	at org.codehaus.groovy.runtime.callsite.PogoMetaMethodSite$PogoCachedMethodSiteNoUnwrapNoCoerce.invoke(PogoMetaMethodSite.java:210)
	at org.codehaus.groovy.runtime.callsite.PogoMetaMethodSite.callCurrent(PogoMetaMethodSite.java:59)
	at org.codehaus.groovy.runtime.callsite.AbstractCallSite.callCurrent(AbstractCallSite.java:166)
	at io.restassured.internal.ResponseSpecificationImpl.statusCode(ResponseSpecificationImpl.groovy:122)
	at io.restassured.specification.ResponseSpecification$statusCode$4.callCurrent(Unknown Source)
	at io.restassured.internal.ResponseSpecificationImpl.statusCode(ResponseSpecificationImpl.groovy:130)
	at io.restassured.internal.ValidatableResponseOptionsImpl.statusCode(ValidatableResponseOptionsImpl.java:117)
	at com.bestbuy.productinfo.CreateProductDataDrivenTest.createMultipleProducts(CreateProductDataDrivenTest.java:31)
]]></failure>
    <system-err><![CDATA[25196 [CreateProductDataDrivenTest-3-thread-15] ERROR net.serenitybdd.core.Serenity - 
           __  _____ _____ ____ _____   _____ _    ___ _     _____ ____  
  _       / / |_   _| ____/ ___|_   _| |  ___/ \  |_ _| |   | ____|  _ \ 
 (_)_____| |    | | |  _| \___ \ | |   | |_ / _ \  | || |   |  _| | | | |
  _|_____| |    | | | |___ ___) || |   |  _/ ___ \ | || |___| |___| |_| |
 (_)     | |    |_| |_____|____/ |_|   |_|/_/   \_\___|_____|_____|____/ 
          \_\                                                            

TEST FAILED: Data Driven Test for adding multiple products to the application
--------------------------------------------------------------------------
25196 [CreateProductDataDrivenTest-3-thread-15] ERROR net.serenitybdd.core.Serenity - 1 expectation failed.Expected status code <201> but was <400>.
]]></system-err>
  </testcase>
  <testcase name="createMultipleProducts[93]" classname="com.bestbuy.productinfo.CreateProductDataDrivenTest" time="2.328">
    <failure message="1 expectation failed.&#10;Expected status code &lt;201&gt; but was &lt;400&gt;.&#10;" type="java.lang.AssertionError"><![CDATA[java.lang.AssertionError: 1 expectation failed.
Expected status code <201> but was <400>.

	at sun.reflect.GeneratedConstructorAccessor413.newInstance(Unknown Source)
	at sun.reflect.DelegatingConstructorAccessorImpl.newInstance(DelegatingConstructorAccessorImpl.java:45)
	at java.lang.reflect.Constructor.newInstance(Constructor.java:423)
	at org.codehaus.groovy.reflection.CachedConstructor.invoke(CachedConstructor.java:83)
	at org.codehaus.groovy.reflection.CachedConstructor.doConstructorInvoke(CachedConstructor.java:77)
	at org.codehaus.groovy.runtime.callsite.ConstructorSite$ConstructorSiteNoUnwrap.callConstructor(ConstructorSite.java:84)
	at org.codehaus.groovy.runtime.callsite.AbstractCallSite.callConstructor(AbstractCallSite.java:247)
	at io.restassured.internal.ResponseSpecificationImpl$HamcrestAssertionClosure.validate(ResponseSpecificationImpl.groovy:471)
	at io.restassured.internal.ResponseSpecificationImpl$HamcrestAssertionClosure$validate$3.call(Unknown Source)
	at io.restassured.internal.ResponseSpecificationImpl.validateResponseIfRequired(ResponseSpecificationImpl.groovy:636)
	at sun.reflect.GeneratedMethodAccessor456.invoke(Unknown Source)
	at sun.reflect.DelegatingMethodAccessorImpl.invoke(DelegatingMethodAccessorImpl.java:43)
	at java.lang.reflect.Method.invoke(Method.java:498)
	at org.codehaus.groovy.runtime.callsite.PogoMetaMethodSite$PogoCachedMethodSiteNoUnwrapNoCoerce.invoke(PogoMetaMethodSite.java:210)
	at org.codehaus.groovy.runtime.callsite.PogoMetaMethodSite.callCurrent(PogoMetaMethodSite.java:59)
	at org.codehaus.groovy.runtime.callsite.AbstractCallSite.callCurrent(AbstractCallSite.java:166)
	at io.restassured.internal.ResponseSpecificationImpl.statusCode(ResponseSpecificationImpl.groovy:122)
	at io.restassured.specification.ResponseSpecification$statusCode$4.callCurrent(Unknown Source)
	at io.restassured.internal.ResponseSpecificationImpl.statusCode(ResponseSpecificationImpl.groovy:130)
	at io.restassured.internal.ValidatableResponseOptionsImpl.statusCode(ValidatableResponseOptionsImpl.java:117)
	at com.bestbuy.productinfo.CreateProductDataDrivenTest.createMultipleProducts(CreateProductDataDrivenTest.java:31)
]]></failure>
    <system-err><![CDATA[25214 [CreateProductDataDrivenTest-3-thread-18] ERROR net.serenitybdd.core.Serenity - 
           __  _____ _____ ____ _____   _____ _    ___ _     _____ ____  
  _       / / |_   _| ____/ ___|_   _| |  ___/ \  |_ _| |   | ____|  _ \ 
 (_)_____| |    | | |  _| \___ \ | |   | |_ / _ \  | || |   |  _| | | | |
  _|_____| |    | | | |___ ___) || |   |  _/ ___ \ | || |___| |___| |_| |
 (_)     | |    |_| |_____|____/ |_|   |_|/_/   \_\___|_____|_____|____/ 
          \_\                                                            

TEST FAILED: Data Driven Test for adding multiple products to the application
--------------------------------------------------------------------------
25215 [CreateProductDataDrivenTest-3-thread-18] ERROR net.serenitybdd.core.Serenity - 1 expectation failed.Expected status code <201> but was <400>.
]]></system-err>
  </testcase>
  <testcase name="createMultipleProducts[1]" classname="com.bestbuy.productinfo.CreateProductDataDrivenTest" time="2.663"/>
  <testcase name="createMultipleProducts[50]" classname="com.bestbuy.productinfo.CreateProductDataDrivenTest" time="2.893"/>
  <testcase name="createMultipleProducts[40]" classname="com.bestbuy.productinfo.CreateProductDataDrivenTest" time="3.142"/>
  <testcase name="createMultipleProducts[4]" classname="com.bestbuy.productinfo.CreateProductDataDrivenTest" time="3.536"/>
  <testcase name="createMultipleProducts[47]" classname="com.bestbuy.productinfo.CreateProductDataDrivenTest" time="3.693"/>
  <testcase name="createMultipleProducts[0]" classname="com.bestbuy.productinfo.CreateProductDataDrivenTest" time="3.998"/>
  <testcase name="createMultipleProducts[18]" classname="com.bestbuy.productinfo.CreateProductDataDrivenTest" time="4.32"/>
  <testcase name="createMultipleProducts[12]" classname="com.bestbuy.productinfo.CreateProductDataDrivenTest" time="4.576"/>
  <testcase name="createMultipleProducts[6]" classname="com.bestbuy.productinfo.CreateProductDataDrivenTest" time="4.829"/>
  <testcase name="createMultipleProducts[30]" classname="com.bestbuy.productinfo.CreateProductDataDrivenTest" time="5.057"/>
  <testcase name="createMultipleProducts[41]" classname="com.bestbuy.productinfo.CreateProductDataDrivenTest" time="5.216"/>
  <testcase name="createMultipleProducts[43]" classname="com.bestbuy.productinfo.CreateProductDataDrivenTest" time="5.414"/>
  <testcase name="createMultipleProducts[13]" classname="com.bestbuy.productinfo.CreateProductDataDrivenTest" time="5.621"/>
  <testcase name="createMultipleProducts[52]" classname="com.bestbuy.productinfo.CreateProductDataDrivenTest" time="5.805"/>
  <testcase name="createMultipleProducts[51]" classname="com.bestbuy.productinfo.CreateProductDataDrivenTest" time="5.957"/>
  <testcase name="createMultipleProducts[45]" classname="com.bestbuy.productinfo.CreateProductDataDrivenTest" time="6.284"/>
  <testcase name="createMultipleProducts[29]" classname="com.bestbuy.productinfo.CreateProductDataDrivenTest" time="6.419"/>
  <testcase name="createMultipleProducts[31]" classname="com.bestbuy.productinfo.CreateProductDataDrivenTest" time="6.651"/>
  <testcase name="createMultipleProducts[36]" classname="com.bestbuy.productinfo.CreateProductDataDrivenTest" time="6.793"/>
  <testcase name="createMultipleProducts[57]" classname="com.bestbuy.productinfo.CreateProductDataDrivenTest" time="6.958"/>
  <testcase name="createMultipleProducts[23]" classname="com.bestbuy.productinfo.CreateProductDataDrivenTest" time="7.096"/>
  <testcase name="createMultipleProducts[67]" classname="com.bestbuy.productinfo.CreateProductDataDrivenTest" time="7.369"/>
  <testcase name="createMultipleProducts[66]" classname="com.bestbuy.productinfo.CreateProductDataDrivenTest" time="7.502"/>
  <testcase name="createMultipleProducts[65]" classname="com.bestbuy.productinfo.CreateProductDataDrivenTest" time="7.639"/>
  <testcase name="createMultipleProducts[81]" classname="com.bestbuy.productinfo.CreateProductDataDrivenTest" time="7.824"/>
  <testcase name="createMultipleProducts[72]" classname="com.bestbuy.productinfo.CreateProductDataDrivenTest" time="7.98"/>
  <testcase name="createMultipleProducts[74]" classname="com.bestbuy.productinfo.CreateProductDataDrivenTest" time="8.14"/>
  <testcase name="createMultipleProducts[82]" classname="com.bestbuy.productinfo.CreateProductDataDrivenTest" time="8.267"/>
  <testcase name="createMultipleProducts[84]" classname="com.bestbuy.productinfo.CreateProductDataDrivenTest" time="8.464"/>
  <testcase name="createMultipleProducts[85]" classname="com.bestbuy.productinfo.CreateProductDataDrivenTest" time="8.629"/>
  <testcase name="createMultipleProducts[87]" classname="com.bestbuy.productinfo.CreateProductDataDrivenTest" time="9.061"/>
  <testcase name="createMultipleProducts[88]" classname="com.bestbuy.productinfo.CreateProductDataDrivenTest" time="9.252"/>
  <testcase name="createMultipleProducts[89]" classname="com.bestbuy.productinfo.CreateProductDataDrivenTest" time="9.363"/>
  <testcase name="createMultipleProducts[91]" classname="com.bestbuy.productinfo.CreateProductDataDrivenTest" time="9.514"/>
  <testcase name="createMultipleProducts[95]" classname="com.bestbuy.productinfo.CreateProductDataDrivenTest" time="9.871"/>
  <testcase name="createMultipleProducts[97]" classname="com.bestbuy.productinfo.CreateProductDataDrivenTest" time="10.043"/>
</testsuite>