<?xml version="1.0" encoding="UTF-8"?><testsuite errors="0" failures="0" name="com.bestbuy.productinfo.ProductCURDTestWithSteps" skipped="0" tests="4" time="30.57" timestamp="2023-06-04T15:53:45.992Z[UTC]"><testcase classname="com.bestbuy.productinfo.ProductCURDTestWithSteps" name="Creating a new PRODUCT"/><testcase classname="com.bestbuy.productinfo.ProductCURDTestWithSteps" name="Verify that product is added or not"/><testcase classname="com.bestbuy.productinfo.ProductCURDTestWithSteps" name="Updating product information"/><testcase classname="com.bestbuy.productinfo.ProductCURDTestWithSteps" name="Delete product and verifying that product is deleted"/></testsuite>