<?xml version="1.0" encoding="UTF-8"?><testsuite errors="0" failures="64" name="com.bestbuy.productinfo.CreateProductDataDrivenTest" skipped="0" tests="100" time="1449.68" timestamp="2023-06-04T15:54:15.927Z[UTC]"><testcase classname="com.bestbuy.productinfo.CreateProductDataDrivenTest" name="Data Driven Test for adding multiple products to the application"><failure message="1 expectation failed.&#10;Expected status code &lt;201&gt; but was &lt;400&gt;.&#10;" type="java.lang.AssertionError">1 expectation failed.
Expected status code &lt;201&gt; but was &lt;400&gt;.
</failure><system-err>1 expectation failed.
Expected status code &lt;201&gt; but was &lt;400&gt;.
&#13;
io.restassured.internal.ResponseSpecificationImpl.validateResponseIfRequired(ResponseSpecificationImpl.groovy:636)&#13;
io.restassured.internal.ResponseSpecificationImpl.statusCode(ResponseSpecificationImpl.groovy:122)&#13;
io.restassured.internal.ResponseSpecificationImpl.statusCode(ResponseSpecificationImpl.groovy:130)&#13;
io.restassured.internal.ValidatableResponseOptionsImpl.statusCode(ValidatableResponseOptionsImpl.java:117)&#13;
com.bestbuy.productinfo.CreateProductDataDrivenTest.createMultipleProducts(CreateProductDataDrivenTest.java:31)&#13;
</system-err></testcase></testsuite>